IQ-TREE multicore version 2.1.1 COVID-edition for Windows 64-bit built Aug 20 2020
Developed by Bui Quang Minh, James Barbetti, Nguyen Lam Tung,
Olga Chernomor, Heiko Schmidt, Dominik Schrempf, Michael Woodhams.

Host:    DESKTOP-7HQB3DG (AVX2, FMA3, 7 GB RAM)
Command: iqtree2 -s C:\iqtree-2.1.1-Windows\bin\Bartonella_gltA_sequences_MAFFT-L-INS-i_GB.fasta -m MFP -AICc -B 1000
Seed:    344053 (Using SPRNG - Scalable Parallel Random Number Generator)
Time:    Sun Oct 04 12:05:08 2020
Kernel:  AVX+FMA - 1 threads (4 CPU cores detected)

HINT: Use -nt option to specify number of threads because your CPU has 4 cores!
HINT: -nt AUTO will automatically determine the best number of threads to use.

Reading alignment file C:\iqtree-2.1.1-Windows\bin\Bartonella_gltA_sequences_MAFFT-L-INS-i_GB.fasta ... Fasta format detected
Alignment most likely contains DNA/RNA sequences
Alignment has 76 sequences with 356 columns, 209 distinct patterns
155 parsimony-informative, 21 singleton sites, 180 constant sites
                                               Gap/Ambiguity  Composition  p-value
   1  B._apis_BBC0122_NZ_CP015625                      0.00%    failed      0.24%
   2  B._tamiae_Th239_NZ_JH725147                      0.00%    passed     23.23%
   3  B._sp._Cyclopodia.greefi_Cg_23_Q22-1_JN172038   13.76%    passed     68.64%
   4  B._sp._Eidolon.helvum_E1-105_HM363765            0.84%    passed     42.12%
   5  B._sp._Cyclopodia.greefi_Cg_303-1_JN172055      13.76%    passed     98.81%
   6  B._sp._Cyclopodia.greefi_Cg_Q100-2_JN172040     13.76%    passed     98.81%
   7  B._sp._Eidolon.helvum_E5_B40014_KM030520         0.00%    passed     79.32%
   8  B._sp._Cyclopodia.greefi_Cg_GG243-3_JN172048    13.76%    passed     96.79%
   9  B._sp._Cyclopodia.greefi_Cg_443_JN172068        13.76%    passed     97.42%
  10  B._sp._Cyclopodia.greefi_Cg_424_JN172064        13.76%    passed     96.79%
  11  B._sp._Cyclopodia.greefi_Cg_436-3_JN172061      13.76%    passed     97.42%
  12  B._sp._Cyclopodia.greefi_Cg_G38-2_JN172044      13.76%    passed     96.30%
  13  B._sp._Cyclopodia.greefi_Cg_426-1_JN172062      13.76%    passed     93.58%
  14  B._sp._Eidolon.helvum_E2-114_HM363766            0.84%    passed     92.00%
  15  B._sp._Cyclopodia.greefi_Cg_K8-1_JN172037       13.76%    passed     96.27%
  16  B._sp._Cyclopodia.greefi_Cg_366-1_JN172052      13.76%    passed     66.99%
  17  B._sp._Cyclopodia.greefi_Cg_G31-1_JN172043      28.93%    passed     93.82%
  18  B._sp._Cyclopodia.greefi_Cg_K1-2_JN172035       13.76%    passed     53.90%
  19  B._sp._Eidolon.helvum_E4_B39301_KM030516         0.00%    passed     50.36%
  20  B._sp._Cyclopodia.greefi_Cg_Q98-1_JN172039      13.76%    passed     48.37%
  21  B._sp._Eidolon.helvum_Ew-111_HM363768            7.87%    passed     61.69%
  22  B._sp._Cyclopodia.greefi_Cg_371_JN172053        13.76%    passed     87.88%
  23  B._sp._Cyclopodia.greefi_Cg_423-1_JN172058      27.25%    passed     88.87%
  24  B._sp._Eidolon.helvum_Eh7-170112-D085            0.00%    passed     98.24%
  25  B._sp._Cyclopodia.greefi_Cg_374_JN172050        13.76%    passed     89.82%
  26  B._sp._Cyclopodia.greefi_Cg_465-2_JN172067      14.33%    passed     91.86%
  27  B._sp._Cyclopodia.greefi_Eh7-0310-A131           0.28%    passed     98.97%
  28  B._sp._Eidolon.helvum_Eh7-170112-D048            0.00%    passed     98.24%
  29  B._sp._Eidolon.helvum_Eh7-170112-D069            0.00%    passed     98.24%
  30  B._sp._Eidolon.helvum_Eh7-170112-D084            0.28%    passed     98.97%
  31  B._sp._Eidolon.helvum_Eh7-170112-D090            0.00%    passed     98.24%
  32  B._sp._Eidolon.helvum_Eh7-170112-D062            4.78%    passed     99.44%
  33  B._sp._Eidolon.helvum_Eh7-0310-A193              7.58%    passed     95.86%
  34  B._sp._Cyclopodia.greefi_Cg_GG48_JN172046       14.04%    passed     83.45%
  35  B._sp._Eidolon.helvum_Eh7-0110-R79               0.00%    passed     97.09%
  36  B._sp._Eidolon.helvum_Eh7-0310-A153              0.28%    passed     96.86%
  37  B._sp._Eidolon.helvum_Eh7-0510-A193              0.00%    passed     97.09%
  38  B._sp._Eidolon.helvum_Eh7-0710-A153              0.00%    passed     97.09%
  39  B._sp._Eidolon.helvum_Eh7-0110-R16               7.30%    passed     79.35%
  40  B._sp._Cyclopodia.greefi_Cg_401_JN172072        13.76%    passed     90.82%
  41  B._sp._Cyclopodia.greefi_Cg_417-2_JN172063      13.76%    passed     36.58%
  42  B._sp._Eidolon.helvum_E3-106_HM363767            0.84%    passed     45.75%
  43  B._sp._Cyclopodia.greefi_Cg_713-2_JN172066      14.33%    passed     85.50%
  44  B._sp._Eidolon.helvum_Eh6-0310-A147             51.97%    passed     92.96%
  45  B._sp._Eidolon.helvum_Eh6-0110-R43               7.58%    passed     87.89%
  46  B._sp._Eidolon.helvum_Eh6-0311-A192              0.00%    passed     96.23%
  47  B._sp._Eidolon.helvum_Eh6-0910-A090              0.00%    passed     96.23%
  48  B._sp._Eidolon.helvum_Eh6-0910-A108              0.00%    passed     96.23%
  49  B._sp._Eidolon.helvum_Eh6-0510-A155              0.00%    passed     96.23%
  50  B._sp._Eidolon.helvum_Eh6-1110-A147              0.84%    passed     92.69%
  51  B._sp._Eidolon.helvum_Eh6-0510-A106              0.00%    passed     88.07%
  52  B._sp._Eidolon.helvum_Eh6-0710-BJ1               0.00%    passed     88.07%
  53  B._sp._Eidolon.helvum_Eh6-0710-BJ4               0.00%    passed     88.07%
  54  B._sp._Eidolon.helvum_Eh6-0510-A166              0.84%    passed     84.81%
  55  B._sp._Eidolon.helvum_Eh6-0510-A188              0.00%    passed     87.70%
  56  B._sp._Eidolon.helvum_Eh6-170112-D046            0.00%    passed     87.70%
  57  B._sp._Eidolon.helvum_Eh6-0311-A083              0.84%    passed     85.18%
  58  B._sp._Eidolon.helvum_Eh6-0910-A111              0.00%    passed     93.13%
  59  B._sp._Eidolon.helvum_Eh6-0910-A115              0.00%    passed     93.13%
  60  B._sp._Eidolon.helvum_Eh6-0910-A151              0.00%    passed     93.13%
  61  B._sp._Eidolon.helvum_Eh6-0910-B111              0.00%    passed     93.13%
  62  B._sp._Eidolon.helvum_Eh6-1110-A102              0.00%    passed     93.13%
  63  B._sp._Eidolon.helvum_Eh6-1110-A115              0.00%    passed     93.13%
  64  B._sp._Eidolon.helvum_Eh6-1110-A130              0.00%    passed     93.13%
  65  B._sp._Eidolon.helvum_Eh6-1110-BJ1               1.12%    passed     86.09%
  66  B._sp._Eidolon.helvum_Eh6-0311-BJ1               0.00%    passed     93.13%
  67  B._sp._Eidolon.helvum_Eh6-0711-B153              0.00%    passed     93.13%
  68  B._sp._Eidolon.helvum_Eh6-0910-A123              0.00%    passed     93.13%
  69  B._sp._Eidolon.helvum_Eh6-0710-A095              5.62%    passed     79.54%
  70  B._sp._Eidolon.helvum_Eh6-0510-A151              0.28%    passed     93.56%
  71  B._sp._Eidolon.helvum_Eh6-1109-Q131              8.99%    passed     76.01%
  72  B._sp._Eidolon.helvum_Eh6-0310-A146             13.48%    passed     72.90%
  73  B._sp._Eidolon.helvum_Eh6-170112-D074            0.00%    passed     95.64%
  74  B._sp._Eidolon.helvum_Eh6-0310-A188              0.56%    passed     99.55%
  75  B._sp._Eidolon.helvum_Eh6-0710-A155              0.00%    passed     97.32%
  76  Brucella_abortus_Biovar-3_Tulya_NZ_DS999886      0.00%    failed      0.00%
WARNING: 1 sequences contain more than 50% gaps/ambiguity
****  TOTAL                                            6.00%  2 sequences failed composition chi2 test (p-value<5%; df=3)
NOTE: B._sp._Cyclopodia.greefi_Cg_Q100-2_JN172040 is identical to B._sp._Cyclopodia.greefi_Cg_303-1_JN172055 but kept for subsequent analysis
NOTE: B._sp._Eidolon.helvum_Eh7-170112-D048 is identical to B._sp._Eidolon.helvum_Eh7-170112-D085 but kept for subsequent analysis
NOTE: B._sp._Eidolon.helvum_Eh7-170112-D084 is identical to B._sp._Cyclopodia.greefi_Eh7-0310-A131 but kept for subsequent analysis
NOTE: B._sp._Eidolon.helvum_Eh7-0510-A193 is identical to B._sp._Eidolon.helvum_Eh7-0110-R79 but kept for subsequent analysis
NOTE: B._sp._Eidolon.helvum_Eh6-0910-A090 is identical to B._sp._Eidolon.helvum_Eh6-0311-A192 but kept for subsequent analysis
NOTE: B._sp._Eidolon.helvum_Eh6-0710-BJ1 is identical to B._sp._Eidolon.helvum_Eh6-0510-A106 but kept for subsequent analysis
NOTE: B._sp._Eidolon.helvum_Eh6-170112-D046 is identical to B._sp._Eidolon.helvum_Eh6-0510-A188 but kept for subsequent analysis
NOTE: B._sp._Eidolon.helvum_Eh6-0910-A115 is identical to B._sp._Eidolon.helvum_Eh6-0910-A111 but kept for subsequent analysis
NOTE: 14 identical sequences (see below) will be ignored for subsequent analysis
NOTE: B._sp._Eidolon.helvum_Eh7-170112-D069 (identical to B._sp._Eidolon.helvum_Eh7-170112-D085) is ignored but added at the end
NOTE: B._sp._Eidolon.helvum_Eh7-170112-D090 (identical to B._sp._Eidolon.helvum_Eh7-170112-D085) is ignored but added at the end
NOTE: B._sp._Eidolon.helvum_Eh7-0710-A153 (identical to B._sp._Eidolon.helvum_Eh7-0110-R79) is ignored but added at the end
NOTE: B._sp._Eidolon.helvum_Eh6-0910-A108 (identical to B._sp._Eidolon.helvum_Eh6-0311-A192) is ignored but added at the end
NOTE: B._sp._Eidolon.helvum_Eh6-0510-A155 (identical to B._sp._Eidolon.helvum_Eh6-0311-A192) is ignored but added at the end
NOTE: B._sp._Eidolon.helvum_Eh6-0710-BJ4 (identical to B._sp._Eidolon.helvum_Eh6-0510-A106) is ignored but added at the end
NOTE: B._sp._Eidolon.helvum_Eh6-0910-A151 (identical to B._sp._Eidolon.helvum_Eh6-0910-A111) is ignored but added at the end
NOTE: B._sp._Eidolon.helvum_Eh6-0910-B111 (identical to B._sp._Eidolon.helvum_Eh6-0910-A111) is ignored but added at the end
NOTE: B._sp._Eidolon.helvum_Eh6-1110-A102 (identical to B._sp._Eidolon.helvum_Eh6-0910-A111) is ignored but added at the end
NOTE: B._sp._Eidolon.helvum_Eh6-1110-A115 (identical to B._sp._Eidolon.helvum_Eh6-0910-A111) is ignored but added at the end
NOTE: B._sp._Eidolon.helvum_Eh6-1110-A130 (identical to B._sp._Eidolon.helvum_Eh6-0910-A111) is ignored but added at the end
NOTE: B._sp._Eidolon.helvum_Eh6-0311-BJ1 (identical to B._sp._Eidolon.helvum_Eh6-0910-A111) is ignored but added at the end
NOTE: B._sp._Eidolon.helvum_Eh6-0711-B153 (identical to B._sp._Eidolon.helvum_Eh6-0910-A111) is ignored but added at the end
NOTE: B._sp._Eidolon.helvum_Eh6-0910-A123 (identical to B._sp._Eidolon.helvum_Eh6-0910-A111) is ignored but added at the end
Alignment was printed to C:\iqtree-2.1.1-Windows\bin\Bartonella_gltA_sequences_MAFFT-L-INS-i_GB.fasta.uniqueseq.phy

For your convenience alignment with unique sequences printed to C:\iqtree-2.1.1-Windows\bin\Bartonella_gltA_sequences_MAFFT-L-INS-i_GB.fasta.uniqueseq.phy


Create initial parsimony tree by phylogenetic likelihood library (PLL)... 0.010 seconds
Perform fast likelihood tree search using GTR+I+G model...
Estimate model parameters (epsilon = 5.000)
Perform nearest neighbor interchange...
Estimate model parameters (epsilon = 1.000)
1. Initial log-likelihood: -2745.290
Optimal log-likelihood: -2744.584
Rate parameters:  A-C: 2.95599  A-G: 6.22416  A-T: 0.59597  C-G: 1.11812  C-T: 13.06473  G-T: 1.00000
Base frequencies:  A: 0.361  C: 0.164  G: 0.174  T: 0.300
Proportion of invariable sites: 0.265
Gamma shape alpha: 0.640
Parameters optimization took 1 rounds (0.055 sec)
Time for fast ML tree search: 0.420 seconds

NOTE: ModelFinder requires 5 MB RAM!
ModelFinder will test up to 286 DNA models (sample size: 356) ...
 No. Model         -LnL         df  AIC          AICc         BIC
  1  GTR+F         2956.549     129 6171.098     6319.505     6670.964
  2  GTR+F+I       2773.130     130 5806.261     5957.639     6310.002
  3  GTR+F+G4      2750.360     130 5760.720     5912.098     6264.461
  4  GTR+F+I+G4    2742.798     131 5747.596     5901.989     6255.212
  5  GTR+F+R2      2770.001     131 5802.002     5956.394     6309.617
  6  GTR+F+R3      2756.487     133 5778.975     5939.533     6294.341
  7  GTR+F+R4      2740.290     135 5750.580     5917.489     6273.696
  8  GTR+F+R5      2739.974     137 5753.948     5927.398     6284.814
 17  SYM+I+G4      2757.710     128 5771.420     5916.900     6267.411
 30  TVM+F+I+G4    2750.936     130 5761.872     5913.249     6265.613
 43  TVMe+I+G4     2761.980     127 5777.961     5920.557     6270.077
 56  TIM3+F+I+G4   2745.668     129 5749.335     5897.742     6249.201
 69  TIM3e+I+G4    2768.491     126 5788.983     5928.738     6277.224
 82  TIM2+F+I+G4   2756.268     129 5770.535     5918.942     6270.401
 95  TIM2e+I+G4    2760.594     126 5773.187     5912.943     6261.429
108  TIM+F+I+G4    2749.133     129 5756.266     5904.673     6256.132
121  TIMe+I+G4     2769.364     126 5790.727     5930.483     6278.969
134  TPM3u+F+I+G4  2754.017     128 5764.035     5909.515     6260.026
147  TPM3+F+I+G4   2754.017     128 5764.035     5909.515     6260.026
160  TPM2u+F+I+G4  2764.722     128 5785.443     5930.924     6281.435
173  TPM2+F+I+G4   2764.722     128 5785.443     5930.924     6281.435
186  K3Pu+F+I+G4   2756.953     128 5769.906     5915.386     6265.897
199  K3P+I+G4      2774.880     125 5799.761     5936.717     6284.127
212  TN+F+I+G4     2756.833     128 5769.666     5915.146     6265.657
225  TNe+I+G4      2770.347     125 5790.694     5927.651     6275.060
238  HKY+F+I+G4    2765.310     127 5784.621     5927.217     6276.737
251  K2P+I+G4      2775.927     124 5799.854     5934.054     6280.346
264  F81+F+I+G4    2939.266     126 6130.532     6270.287     6618.773
277  JC+I+G4       2911.659     123 6069.317     6200.800     6545.934
Akaike Information Criterion:           GTR+F+I+G4
Corrected Akaike Information Criterion: TIM3+F+I+G4
Bayesian Information Criterion:         TIM3+F+I+G4
Best-fit model: TIM3+F+I+G4 chosen according to AICc

All model information printed to C:\iqtree-2.1.1-Windows\bin\Bartonella_gltA_sequences_MAFFT-L-INS-i_GB.fasta.model.gz
CPU time for ModelFinder: 4.516 seconds (0h:0m:4s)
Wall-clock time for ModelFinder: 4.991 seconds (0h:0m:4s)
Generating 1000 samples for ultrafast bootstrap (seed: 344053)...

NOTE: 2 MB RAM (0 GB) is required!
Estimate model parameters (epsilon = 0.100)
Thoroughly optimizing +I+G parameters from 10 start values...
Init pinv, alpha: 0.000, 0.982 / Estimate: 0.000, 0.345 / LogL: -2753.255
Init pinv, alpha: 0.056, 0.982 / Estimate: 0.068, 0.394 / LogL: -2752.086
Init pinv, alpha: 0.112, 0.982 / Estimate: 0.363, 0.936 / LogL: -2745.754
Init pinv, alpha: 0.169, 0.982 / Estimate: 0.363, 0.938 / LogL: -2745.749
Init pinv, alpha: 0.225, 0.982 / Estimate: 0.364, 0.942 / LogL: -2745.741
Init pinv, alpha: 0.281, 0.982 / Estimate: 0.359, 0.921 / LogL: -2745.795
Init pinv, alpha: 0.337, 0.982 / Estimate: 0.362, 0.936 / LogL: -2745.765
Init pinv, alpha: 0.393, 0.982 / Estimate: 0.393, 1.096 / LogL: -2745.570
Init pinv, alpha: 0.449, 0.982 / Estimate: 0.405, 1.177 / LogL: -2745.607
Init pinv, alpha: 0.506, 0.982 / Estimate: 0.409, 1.214 / LogL: -2745.646
Optimal pinv,alpha: 0.393, 1.096 / LogL: -2745.570

Parameters optimization took 2.024 sec
Computing ML distances based on estimated model parameters...
Computing ML distances took 0.072370 sec (of wall-clock time) 0.062500 sec(of CPU time)
Computing RapidNJ tree took 0.000549 sec (of wall-clock time) 0.000000 sec (of CPU time)
Log-likelihood of RapidNJ tree: -2771.542
--------------------------------------------------------------------
|             INITIALIZING CANDIDATE TREE SET                      |
--------------------------------------------------------------------
Generating 98 parsimony trees... 0.489 second
Computing log-likelihood of 98 initial trees ... 0.322 seconds
Current best score: -2745.570

Do NNI search on 20 best initial trees
Estimate model parameters (epsilon = 0.100)
BETTER TREE FOUND at iteration 1: -2745.388
BETTER TREE FOUND at iteration 5: -2745.388
Iteration 10 / LogL: -2745.711 / Time: 0h:0m:4s
Iteration 20 / LogL: -2745.388 / Time: 0h:0m:5s
Finish initializing candidate tree set (20)
Current best tree score: -2745.388 / CPU time: 3.463
Number of iterations: 20
--------------------------------------------------------------------
|               OPTIMIZING CANDIDATE TREE SET                      |
--------------------------------------------------------------------
Iteration 30 / LogL: -2745.392 / Time: 0h:0m:7s (0h:0m:19s left)
Iteration 40 / LogL: -2745.388 / Time: 0h:0m:9s (0h:0m:15s left)
Iteration 50 / LogL: -2745.389 / Time: 0h:0m:10s (0h:0m:12s left)
Log-likelihood cutoff on original alignment: -2770.753
Iteration 60 / LogL: -2745.854 / Time: 0h:0m:12s (0h:0m:9s left)
Iteration 70 / LogL: -2745.389 / Time: 0h:0m:14s (0h:0m:7s left)
Iteration 80 / LogL: -2745.388 / Time: 0h:0m:16s (0h:0m:5s left)
Iteration 90 / LogL: -2745.390 / Time: 0h:0m:19s (0h:0m:3s left)
Iteration 100 / LogL: -2745.636 / Time: 0h:0m:22s (0h:0m:1s left)
Log-likelihood cutoff on original alignment: -2770.753
NOTE: Bootstrap correlation coefficient of split occurrence frequencies: 0.990
NOTE: UFBoot does not converge, continue at least 100 more iterations
Iteration 110 / LogL: -2748.592 / Time: 0h:0m:24s (0h:0m:20s left)
Iteration 120 / LogL: -2745.389 / Time: 0h:0m:25s (0h:0m:17s left)
Iteration 130 / LogL: -2745.857 / Time: 0h:0m:27s (0h:0m:14s left)
Iteration 140 / LogL: -2745.390 / Time: 0h:0m:29s (0h:0m:12s left)
Iteration 150 / LogL: -2755.960 / Time: 0h:0m:31s (0h:0m:10s left)
Log-likelihood cutoff on original alignment: -2770.753
Iteration 160 / LogL: -2745.855 / Time: 0h:0m:32s (0h:0m:8s left)
Iteration 170 / LogL: -2745.390 / Time: 0h:0m:34s (0h:0m:6s left)
Iteration 180 / LogL: -2745.390 / Time: 0h:0m:36s (0h:0m:4s left)
Iteration 190 / LogL: -2745.638 / Time: 0h:0m:37s (0h:0m:1s left)
Iteration 200 / LogL: -2745.397 / Time: 0h:0m:39s (0h:0m:0s left)
Log-likelihood cutoff on original alignment: -2771.473
NOTE: Bootstrap correlation coefficient of split occurrence frequencies: 0.993
TREE SEARCH COMPLETED AFTER 200 ITERATIONS / Time: 0h:0m:39s

--------------------------------------------------------------------
|                    FINALIZING TREE SEARCH                        |
--------------------------------------------------------------------
Performs final model parameters optimization
Estimate model parameters (epsilon = 0.010)
1. Initial log-likelihood: -2745.388
Optimal log-likelihood: -2745.382
Rate parameters:  A-C: 3.35854  A-G: 8.55657  A-T: 1.00000  C-G: 3.35854  C-T: 18.13979  G-T: 1.00000
Base frequencies:  A: 0.361  C: 0.164  G: 0.174  T: 0.300
Proportion of invariable sites: 0.393
Gamma shape alpha: 1.100
Parameters optimization took 1 rounds (0.041 sec)
BEST SCORE FOUND : -2745.382
Creating bootstrap support values...
Split supports printed to NEXUS file C:\iqtree-2.1.1-Windows\bin\Bartonella_gltA_sequences_MAFFT-L-INS-i_GB.fasta.splits.nex
Total tree length: 2.568

Total number of iterations: 200
CPU time used for tree search: 35.969 sec (0h:0m:35s)
Wall-clock time used for tree search: 37.077 sec (0h:0m:37s)
Total CPU time used: 38.094 sec (0h:0m:38s)
Total wall-clock time used: 39.694 sec (0h:0m:39s)

Computing bootstrap consensus tree...
Reading input file C:\iqtree-2.1.1-Windows\bin\Bartonella_gltA_sequences_MAFFT-L-INS-i_GB.fasta.splits.nex...
62 taxa and 631 splits.
Consensus tree written to C:\iqtree-2.1.1-Windows\bin\Bartonella_gltA_sequences_MAFFT-L-INS-i_GB.fasta.contree
Reading input trees file C:\iqtree-2.1.1-Windows\bin\Bartonella_gltA_sequences_MAFFT-L-INS-i_GB.fasta.contree
Log-likelihood of consensus tree: -2745.884

Analysis results written to: 
  IQ-TREE report:                C:\iqtree-2.1.1-Windows\bin\Bartonella_gltA_sequences_MAFFT-L-INS-i_GB.fasta.iqtree
  Maximum-likelihood tree:       C:\iqtree-2.1.1-Windows\bin\Bartonella_gltA_sequences_MAFFT-L-INS-i_GB.fasta.treefile
  Likelihood distances:          C:\iqtree-2.1.1-Windows\bin\Bartonella_gltA_sequences_MAFFT-L-INS-i_GB.fasta.mldist

Ultrafast bootstrap approximation results written to:
  Split support values:          C:\iqtree-2.1.1-Windows\bin\Bartonella_gltA_sequences_MAFFT-L-INS-i_GB.fasta.splits.nex
  Consensus tree:                C:\iqtree-2.1.1-Windows\bin\Bartonella_gltA_sequences_MAFFT-L-INS-i_GB.fasta.contree
  Screen log file:               C:\iqtree-2.1.1-Windows\bin\Bartonella_gltA_sequences_MAFFT-L-INS-i_GB.fasta.log

Date and Time: Sun Oct 04 12:05:54 2020
