IQ-TREE multicore version 2.1.1 COVID-edition for Windows 64-bit built Aug 20 2020
Developed by Bui Quang Minh, James Barbetti, Nguyen Lam Tung,
Olga Chernomor, Heiko Schmidt, Dominik Schrempf, Michael Woodhams.

Host:    DESKTOP-7HQB3DG (AVX2, FMA3, 7 GB RAM)
Command: iqtree2 -s C:\iqtree-2.1.1-Windows\bin\Bartonella_gltA_sequences_MAFFT-L-INS-i_GB.fasta -m MFP -B 1000
Seed:    94594 (Using SPRNG - Scalable Parallel Random Number Generator)
Time:    Sun Oct 04 12:06:09 2020
Kernel:  AVX+FMA - 1 threads (4 CPU cores detected)

HINT: Use -nt option to specify number of threads because your CPU has 4 cores!
HINT: -nt AUTO will automatically determine the best number of threads to use.

Reading alignment file C:\iqtree-2.1.1-Windows\bin\Bartonella_gltA_sequences_MAFFT-L-INS-i_GB.fasta ... Fasta format detected
Alignment most likely contains DNA/RNA sequences
Alignment has 76 sequences with 356 columns, 209 distinct patterns
155 parsimony-informative, 21 singleton sites, 180 constant sites
                                               Gap/Ambiguity  Composition  p-value
   1  B._apis_BBC0122_NZ_CP015625                      0.00%    failed      0.24%
   2  B._tamiae_Th239_NZ_JH725147                      0.00%    passed     23.23%
   3  B._sp._Cyclopodia.greefi_Cg_23_Q22-1_JN172038   13.76%    passed     68.64%
   4  B._sp._Eidolon.helvum_E1-105_HM363765            0.84%    passed     42.12%
   5  B._sp._Cyclopodia.greefi_Cg_303-1_JN172055      13.76%    passed     98.81%
   6  B._sp._Cyclopodia.greefi_Cg_Q100-2_JN172040     13.76%    passed     98.81%
   7  B._sp._Eidolon.helvum_E5_B40014_KM030520         0.00%    passed     79.32%
   8  B._sp._Cyclopodia.greefi_Cg_GG243-3_JN172048    13.76%    passed     96.79%
   9  B._sp._Cyclopodia.greefi_Cg_443_JN172068        13.76%    passed     97.42%
  10  B._sp._Cyclopodia.greefi_Cg_424_JN172064        13.76%    passed     96.79%
  11  B._sp._Cyclopodia.greefi_Cg_436-3_JN172061      13.76%    passed     97.42%
  12  B._sp._Cyclopodia.greefi_Cg_G38-2_JN172044      13.76%    passed     96.30%
  13  B._sp._Cyclopodia.greefi_Cg_426-1_JN172062      13.76%    passed     93.58%
  14  B._sp._Eidolon.helvum_E2-114_HM363766            0.84%    passed     92.00%
  15  B._sp._Cyclopodia.greefi_Cg_K8-1_JN172037       13.76%    passed     96.27%
  16  B._sp._Cyclopodia.greefi_Cg_366-1_JN172052      13.76%    passed     66.99%
  17  B._sp._Cyclopodia.greefi_Cg_G31-1_JN172043      28.93%    passed     93.82%
  18  B._sp._Cyclopodia.greefi_Cg_K1-2_JN172035       13.76%    passed     53.90%
  19  B._sp._Eidolon.helvum_E4_B39301_KM030516         0.00%    passed     50.36%
  20  B._sp._Cyclopodia.greefi_Cg_Q98-1_JN172039      13.76%    passed     48.37%
  21  B._sp._Eidolon.helvum_Ew-111_HM363768            7.87%    passed     61.69%
  22  B._sp._Cyclopodia.greefi_Cg_371_JN172053        13.76%    passed     87.88%
  23  B._sp._Cyclopodia.greefi_Cg_423-1_JN172058      27.25%    passed     88.87%
  24  B._sp._Eidolon.helvum_Eh7-170112-D085            0.00%    passed     98.24%
  25  B._sp._Cyclopodia.greefi_Cg_374_JN172050        13.76%    passed     89.82%
  26  B._sp._Cyclopodia.greefi_Cg_465-2_JN172067      14.33%    passed     91.86%
  27  B._sp._Cyclopodia.greefi_Eh7-0310-A131           0.28%    passed     98.97%
  28  B._sp._Eidolon.helvum_Eh7-170112-D048            0.00%    passed     98.24%
  29  B._sp._Eidolon.helvum_Eh7-170112-D069            0.00%    passed     98.24%
  30  B._sp._Eidolon.helvum_Eh7-170112-D084            0.28%    passed     98.97%
  31  B._sp._Eidolon.helvum_Eh7-170112-D090            0.00%    passed     98.24%
  32  B._sp._Eidolon.helvum_Eh7-170112-D062            4.78%    passed     99.44%
  33  B._sp._Eidolon.helvum_Eh7-0310-A193              7.58%    passed     95.86%
  34  B._sp._Cyclopodia.greefi_Cg_GG48_JN172046       14.04%    passed     83.45%
  35  B._sp._Eidolon.helvum_Eh7-0110-R79               0.00%    passed     97.09%
  36  B._sp._Eidolon.helvum_Eh7-0310-A153              0.28%    passed     96.86%
  37  B._sp._Eidolon.helvum_Eh7-0510-A193              0.00%    passed     97.09%
  38  B._sp._Eidolon.helvum_Eh7-0710-A153              0.00%    passed     97.09%
  39  B._sp._Eidolon.helvum_Eh7-0110-R16               7.30%    passed     79.35%
  40  B._sp._Cyclopodia.greefi_Cg_401_JN172072        13.76%    passed     90.82%
  41  B._sp._Cyclopodia.greefi_Cg_417-2_JN172063      13.76%    passed     36.58%
  42  B._sp._Eidolon.helvum_E3-106_HM363767            0.84%    passed     45.75%
  43  B._sp._Cyclopodia.greefi_Cg_713-2_JN172066      14.33%    passed     85.50%
  44  B._sp._Eidolon.helvum_Eh6-0310-A147             51.97%    passed     92.96%
  45  B._sp._Eidolon.helvum_Eh6-0110-R43               7.58%    passed     87.89%
  46  B._sp._Eidolon.helvum_Eh6-0311-A192              0.00%    passed     96.23%
  47  B._sp._Eidolon.helvum_Eh6-0910-A090              0.00%    passed     96.23%
  48  B._sp._Eidolon.helvum_Eh6-0910-A108              0.00%    passed     96.23%
  49  B._sp._Eidolon.helvum_Eh6-0510-A155              0.00%    passed     96.23%
  50  B._sp._Eidolon.helvum_Eh6-1110-A147              0.84%    passed     92.69%
  51  B._sp._Eidolon.helvum_Eh6-0510-A106              0.00%    passed     88.07%
  52  B._sp._Eidolon.helvum_Eh6-0710-BJ1               0.00%    passed     88.07%
  53  B._sp._Eidolon.helvum_Eh6-0710-BJ4               0.00%    passed     88.07%
  54  B._sp._Eidolon.helvum_Eh6-0510-A166              0.84%    passed     84.81%
  55  B._sp._Eidolon.helvum_Eh6-0510-A188              0.00%    passed     87.70%
  56  B._sp._Eidolon.helvum_Eh6-170112-D046            0.00%    passed     87.70%
  57  B._sp._Eidolon.helvum_Eh6-0311-A083              0.84%    passed     85.18%
  58  B._sp._Eidolon.helvum_Eh6-0910-A111              0.00%    passed     93.13%
  59  B._sp._Eidolon.helvum_Eh6-0910-A115              0.00%    passed     93.13%
  60  B._sp._Eidolon.helvum_Eh6-0910-A151              0.00%    passed     93.13%
  61  B._sp._Eidolon.helvum_Eh6-0910-B111              0.00%    passed     93.13%
  62  B._sp._Eidolon.helvum_Eh6-1110-A102              0.00%    passed     93.13%
  63  B._sp._Eidolon.helvum_Eh6-1110-A115              0.00%    passed     93.13%
  64  B._sp._Eidolon.helvum_Eh6-1110-A130              0.00%    passed     93.13%
  65  B._sp._Eidolon.helvum_Eh6-1110-BJ1               1.12%    passed     86.09%
  66  B._sp._Eidolon.helvum_Eh6-0311-BJ1               0.00%    passed     93.13%
  67  B._sp._Eidolon.helvum_Eh6-0711-B153              0.00%    passed     93.13%
  68  B._sp._Eidolon.helvum_Eh6-0910-A123              0.00%    passed     93.13%
  69  B._sp._Eidolon.helvum_Eh6-0710-A095              5.62%    passed     79.54%
  70  B._sp._Eidolon.helvum_Eh6-0510-A151              0.28%    passed     93.56%
  71  B._sp._Eidolon.helvum_Eh6-1109-Q131              8.99%    passed     76.01%
  72  B._sp._Eidolon.helvum_Eh6-0310-A146             13.48%    passed     72.90%
  73  B._sp._Eidolon.helvum_Eh6-170112-D074            0.00%    passed     95.64%
  74  B._sp._Eidolon.helvum_Eh6-0310-A188              0.56%    passed     99.55%
  75  B._sp._Eidolon.helvum_Eh6-0710-A155              0.00%    passed     97.32%
  76  Brucella_abortus_Biovar-3_Tulya_NZ_DS999886      0.00%    failed      0.00%
WARNING: 1 sequences contain more than 50% gaps/ambiguity
****  TOTAL                                            6.00%  2 sequences failed composition chi2 test (p-value<5%; df=3)
NOTE: B._sp._Cyclopodia.greefi_Cg_Q100-2_JN172040 is identical to B._sp._Cyclopodia.greefi_Cg_303-1_JN172055 but kept for subsequent analysis
NOTE: B._sp._Eidolon.helvum_Eh7-170112-D048 is identical to B._sp._Eidolon.helvum_Eh7-170112-D085 but kept for subsequent analysis
NOTE: B._sp._Eidolon.helvum_Eh7-170112-D084 is identical to B._sp._Cyclopodia.greefi_Eh7-0310-A131 but kept for subsequent analysis
NOTE: B._sp._Eidolon.helvum_Eh7-0510-A193 is identical to B._sp._Eidolon.helvum_Eh7-0110-R79 but kept for subsequent analysis
NOTE: B._sp._Eidolon.helvum_Eh6-0910-A090 is identical to B._sp._Eidolon.helvum_Eh6-0311-A192 but kept for subsequent analysis
NOTE: B._sp._Eidolon.helvum_Eh6-0710-BJ1 is identical to B._sp._Eidolon.helvum_Eh6-0510-A106 but kept for subsequent analysis
NOTE: B._sp._Eidolon.helvum_Eh6-170112-D046 is identical to B._sp._Eidolon.helvum_Eh6-0510-A188 but kept for subsequent analysis
NOTE: B._sp._Eidolon.helvum_Eh6-0910-A115 is identical to B._sp._Eidolon.helvum_Eh6-0910-A111 but kept for subsequent analysis
NOTE: 14 identical sequences (see below) will be ignored for subsequent analysis
NOTE: B._sp._Eidolon.helvum_Eh7-170112-D069 (identical to B._sp._Eidolon.helvum_Eh7-170112-D085) is ignored but added at the end
NOTE: B._sp._Eidolon.helvum_Eh7-170112-D090 (identical to B._sp._Eidolon.helvum_Eh7-170112-D085) is ignored but added at the end
NOTE: B._sp._Eidolon.helvum_Eh7-0710-A153 (identical to B._sp._Eidolon.helvum_Eh7-0110-R79) is ignored but added at the end
NOTE: B._sp._Eidolon.helvum_Eh6-0910-A108 (identical to B._sp._Eidolon.helvum_Eh6-0311-A192) is ignored but added at the end
NOTE: B._sp._Eidolon.helvum_Eh6-0510-A155 (identical to B._sp._Eidolon.helvum_Eh6-0311-A192) is ignored but added at the end
NOTE: B._sp._Eidolon.helvum_Eh6-0710-BJ4 (identical to B._sp._Eidolon.helvum_Eh6-0510-A106) is ignored but added at the end
NOTE: B._sp._Eidolon.helvum_Eh6-0910-A151 (identical to B._sp._Eidolon.helvum_Eh6-0910-A111) is ignored but added at the end
NOTE: B._sp._Eidolon.helvum_Eh6-0910-B111 (identical to B._sp._Eidolon.helvum_Eh6-0910-A111) is ignored but added at the end
NOTE: B._sp._Eidolon.helvum_Eh6-1110-A102 (identical to B._sp._Eidolon.helvum_Eh6-0910-A111) is ignored but added at the end
NOTE: B._sp._Eidolon.helvum_Eh6-1110-A115 (identical to B._sp._Eidolon.helvum_Eh6-0910-A111) is ignored but added at the end
NOTE: B._sp._Eidolon.helvum_Eh6-1110-A130 (identical to B._sp._Eidolon.helvum_Eh6-0910-A111) is ignored but added at the end
NOTE: B._sp._Eidolon.helvum_Eh6-0311-BJ1 (identical to B._sp._Eidolon.helvum_Eh6-0910-A111) is ignored but added at the end
NOTE: B._sp._Eidolon.helvum_Eh6-0711-B153 (identical to B._sp._Eidolon.helvum_Eh6-0910-A111) is ignored but added at the end
NOTE: B._sp._Eidolon.helvum_Eh6-0910-A123 (identical to B._sp._Eidolon.helvum_Eh6-0910-A111) is ignored but added at the end
Alignment was printed to C:\iqtree-2.1.1-Windows\bin\Bartonella_gltA_sequences_MAFFT-L-INS-i_GB.fasta.uniqueseq.phy

For your convenience alignment with unique sequences printed to C:\iqtree-2.1.1-Windows\bin\Bartonella_gltA_sequences_MAFFT-L-INS-i_GB.fasta.uniqueseq.phy


Create initial parsimony tree by phylogenetic likelihood library (PLL)... 0.011 seconds
Perform fast likelihood tree search using GTR+I+G model...
Estimate model parameters (epsilon = 5.000)
Perform nearest neighbor interchange...
Estimate model parameters (epsilon = 1.000)
1. Initial log-likelihood: -2745.140
Optimal log-likelihood: -2744.465
Rate parameters:  A-C: 2.73077  A-G: 5.71718  A-T: 0.54725  C-G: 1.02525  C-T: 12.06570  G-T: 1.00000
Base frequencies:  A: 0.361  C: 0.164  G: 0.174  T: 0.300
Proportion of invariable sites: 0.264
Gamma shape alpha: 0.641
Parameters optimization took 1 rounds (0.062 sec)
Time for fast ML tree search: 0.306 seconds

NOTE: ModelFinder requires 5 MB RAM!
ModelFinder will test up to 286 DNA models (sample size: 356) ...
 No. Model         -LnL         df  AIC          AICc         BIC
  1  GTR+F         2956.389     129 6170.778     6319.185     6670.644
  2  GTR+F+I       2772.867     130 5805.734     5957.112     6309.475
  3  GTR+F+G4      2750.269     130 5760.537     5911.915     6264.278
  4  GTR+F+I+G4    2742.639     131 5747.278     5901.671     6254.894
  5  GTR+F+R2      2769.824     131 5801.648     5956.041     6309.264
  6  GTR+F+R3      2756.392     133 5778.783     5939.342     6294.149
  7  GTR+F+R4      2740.024     135 5750.047     5916.956     6273.163
  8  GTR+F+R5      2739.700     137 5753.399     5926.849     6284.265
 16  SYM+G4        2766.380     127 5786.761     5929.357     6278.877
 17  SYM+I+G4      2757.923     128 5771.847     5917.327     6267.838
 29  TVM+F+G4      2757.361     129 5772.723     5921.130     6272.589
 30  TVM+F+I+G4    2750.923     130 5761.846     5913.224     6265.587
 42  TVMe+G4       2770.197     126 5792.394     5932.150     6280.636
 43  TVMe+I+G4     2762.135     127 5778.271     5920.867     6270.387
 55  TIM3+F+G4     2753.124     128 5762.248     5907.728     6258.239
 56  TIM3+F+I+G4   2745.483     129 5748.965     5897.372     6248.831
 68  TIM3e+G4      2776.524     125 5803.047     5940.004     6287.414
 69  TIM3e+I+G4    2768.224     126 5788.448     5928.203     6276.689
 81  TIM2+F+G4     2763.957     128 5783.915     5929.395     6279.906
 82  TIM2+F+I+G4   2756.010     129 5770.019     5918.427     6269.886
 94  TIM2e+G4      2769.469     125 5788.939     5925.895     6273.305
 95  TIM2e+I+G4    2760.840     126 5773.680     5913.435     6261.921
107  TIM+F+G4      2756.483     128 5768.965     5914.445     6264.956
108  TIM+F+I+G4    2748.616     129 5755.232     5903.639     6255.098
120  TIMe+G4       2777.235     125 5804.470     5941.426     6288.836
121  TIMe+I+G4     2768.904     126 5789.808     5929.564     6278.050
133  TPM3u+F+G4    2760.405     127 5774.810     5917.407     6266.927
134  TPM3u+F+I+G4  2753.981     128 5763.962     5909.442     6259.953
146  TPM3+F+G4     2760.405     127 5774.810     5917.407     6266.927
147  TPM3+F+I+G4   2753.981     128 5763.962     5909.442     6259.953
159  TPM2u+F+G4    2771.344     127 5796.687     5939.284     6288.804
160  TPM2u+F+I+G4  2764.588     128 5785.176     5930.656     6281.167
172  TPM2+F+G4     2771.344     127 5796.687     5939.284     6288.804
173  TPM2+F+I+G4   2764.588     128 5785.176     5930.656     6281.167
185  K3Pu+F+G4     2763.090     127 5780.181     5922.777     6272.297
186  K3Pu+F+I+G4   2756.658     128 5769.317     5914.797     6265.308
198  K3P+G4        2782.552     124 5813.103     5947.302     6293.595
199  K3P+I+G4      2774.532     125 5799.065     5936.021     6283.431
211  TN+F+G4       2764.328     127 5782.656     5925.252     6274.772
212  TN+F+I+G4     2756.464     128 5768.928     5914.409     6264.920
224  TNe+G4        2778.432     124 5804.864     5939.063     6285.355
225  TNe+I+G4      2770.013     125 5790.026     5926.982     6274.392
237  HKY+F+G4      2771.762     126 5795.525     5935.280     6283.766
238  HKY+F+I+G4    2765.110     127 5784.220     5926.817     6276.336
250  K2P+G4        2783.778     123 5813.557     5945.039     6290.173
251  K2P+I+G4      2775.633     124 5799.266     5933.465     6279.757
263  F81+F+G4      2944.330     125 6138.661     6275.617     6623.027
264  F81+F+I+G4    2937.609     126 6127.219     6266.974     6615.460
276  JC+G4         2916.971     122 6077.942     6206.748     6550.683
277  JC+I+G4       2909.729     123 6065.458     6196.940     6542.074
Akaike Information Criterion:           GTR+F+I+G4
Corrected Akaike Information Criterion: TIM3+F+I+G4
Bayesian Information Criterion:         TIM3+F+I+G4
Best-fit model: TIM3+F+I+G4 chosen according to BIC

All model information printed to C:\iqtree-2.1.1-Windows\bin\Bartonella_gltA_sequences_MAFFT-L-INS-i_GB.fasta.model.gz
CPU time for ModelFinder: 5.375 seconds (0h:0m:5s)
Wall-clock time for ModelFinder: 5.824 seconds (0h:0m:5s)
Generating 1000 samples for ultrafast bootstrap (seed: 94594)...

NOTE: 2 MB RAM (0 GB) is required!
Estimate model parameters (epsilon = 0.100)
Thoroughly optimizing +I+G parameters from 10 start values...
Init pinv, alpha: 0.000, 0.984 / Estimate: 0.000, 0.345 / LogL: -2753.127
Init pinv, alpha: 0.056, 0.984 / Estimate: 0.068, 0.395 / LogL: -2751.964
Init pinv, alpha: 0.112, 0.984 / Estimate: 0.364, 0.943 / LogL: -2745.555
Init pinv, alpha: 0.169, 0.984 / Estimate: 0.365, 0.945 / LogL: -2745.550
Init pinv, alpha: 0.225, 0.984 / Estimate: 0.365, 0.946 / LogL: -2745.550
Init pinv, alpha: 0.281, 0.984 / Estimate: 0.360, 0.924 / LogL: -2745.608
Init pinv, alpha: 0.337, 0.984 / Estimate: 0.362, 0.938 / LogL: -2745.581
Init pinv, alpha: 0.393, 0.984 / Estimate: 0.393, 1.098 / LogL: -2745.384
Init pinv, alpha: 0.449, 0.984 / Estimate: 0.405, 1.179 / LogL: -2745.420
Init pinv, alpha: 0.506, 0.984 / Estimate: 0.410, 1.219 / LogL: -2745.464
Optimal pinv,alpha: 0.393, 1.098 / LogL: -2745.384

Parameters optimization took 1.742 sec
Computing ML distances based on estimated model parameters...
Computing ML distances took 0.077524 sec (of wall-clock time) 0.078125 sec(of CPU time)
Computing RapidNJ tree took 0.000421 sec (of wall-clock time) 0.000000 sec (of CPU time)
Log-likelihood of RapidNJ tree: -2771.527
--------------------------------------------------------------------
|             INITIALIZING CANDIDATE TREE SET                      |
--------------------------------------------------------------------
Generating 98 parsimony trees... 0.502 second
Computing log-likelihood of 98 initial trees ... 0.439 seconds
Current best score: -2745.384

Do NNI search on 20 best initial trees
Estimate model parameters (epsilon = 0.100)
BETTER TREE FOUND at iteration 1: -2745.383
BETTER TREE FOUND at iteration 2: -2745.383
BETTER TREE FOUND at iteration 3: -2745.383
Iteration 10 / LogL: -2745.715 / Time: 0h:0m:3s
Iteration 20 / LogL: -2745.383 / Time: 0h:0m:5s
Finish initializing candidate tree set (20)
Current best tree score: -2745.383 / CPU time: 3.138
Number of iterations: 20
--------------------------------------------------------------------
|               OPTIMIZING CANDIDATE TREE SET                      |
--------------------------------------------------------------------
Iteration 30 / LogL: -2745.384 / Time: 0h:0m:6s (0h:0m:16s left)
Iteration 40 / LogL: -2745.387 / Time: 0h:0m:7s (0h:0m:12s left)
Iteration 50 / LogL: -2749.384 / Time: 0h:0m:9s (0h:0m:10s left)
Log-likelihood cutoff on original alignment: -2765.167
BETTER TREE FOUND at iteration 52: -2745.383
Iteration 60 / LogL: -2746.557 / Time: 0h:0m:11s (0h:0m:17s left)
BETTER TREE FOUND at iteration 66: -2745.383
Iteration 70 / LogL: -2745.384 / Time: 0h:0m:12s (0h:0m:17s left)
Iteration 80 / LogL: -2746.425 / Time: 0h:0m:14s (0h:0m:15s left)
Iteration 90 / LogL: -2756.917 / Time: 0h:0m:15s (0h:0m:13s left)
Iteration 100 / LogL: -2745.386 / Time: 0h:0m:17s (0h:0m:11s left)
Log-likelihood cutoff on original alignment: -2765.509
NOTE: Bootstrap correlation coefficient of split occurrence frequencies: 0.990
Iteration 110 / LogL: -2761.018 / Time: 0h:0m:18s (0h:0m:15s left)
Iteration 120 / LogL: -2745.385 / Time: 0h:0m:20s (0h:0m:13s left)
Iteration 130 / LogL: -2745.727 / Time: 0h:0m:21s (0h:0m:11s left)
Iteration 140 / LogL: -2745.385 / Time: 0h:0m:23s (0h:0m:10s left)
BETTER TREE FOUND at iteration 146: -2745.383
Iteration 150 / LogL: -2745.385 / Time: 0h:0m:24s (0h:0m:15s left)
Log-likelihood cutoff on original alignment: -2765.509
Iteration 160 / LogL: -2881.117 / Time: 0h:0m:26s (0h:0m:14s left)
Iteration 170 / LogL: -2745.385 / Time: 0h:0m:27s (0h:0m:12s left)
Iteration 180 / LogL: -2745.385 / Time: 0h:0m:29s (0h:0m:10s left)
Iteration 190 / LogL: -2745.624 / Time: 0h:0m:30s (0h:0m:9s left)
Iteration 200 / LogL: -2756.079 / Time: 0h:0m:31s (0h:0m:7s left)
Log-likelihood cutoff on original alignment: -2765.600
NOTE: Bootstrap correlation coefficient of split occurrence frequencies: 0.995
Iteration 210 / LogL: -2746.426 / Time: 0h:0m:33s (0h:0m:14s left)
Iteration 220 / LogL: -2746.427 / Time: 0h:0m:35s (0h:0m:12s left)
Iteration 230 / LogL: -2745.384 / Time: 0h:0m:36s (0h:0m:11s left)
Iteration 240 / LogL: -2746.518 / Time: 0h:0m:38s (0h:0m:9s left)
TREE SEARCH COMPLETED AFTER 247 ITERATIONS / Time: 0h:0m:39s

--------------------------------------------------------------------
|                    FINALIZING TREE SEARCH                        |
--------------------------------------------------------------------
Performs final model parameters optimization
Estimate model parameters (epsilon = 0.010)
1. Initial log-likelihood: -2745.383
Optimal log-likelihood: -2745.382
Rate parameters:  A-C: 3.37974  A-G: 8.59874  A-T: 1.00000  C-G: 3.37974  C-T: 18.24170  G-T: 1.00000
Base frequencies:  A: 0.361  C: 0.164  G: 0.174  T: 0.300
Proportion of invariable sites: 0.393
Gamma shape alpha: 1.100
Parameters optimization took 1 rounds (0.045 sec)
BEST SCORE FOUND : -2745.382
Creating bootstrap support values...
Split supports printed to NEXUS file C:\iqtree-2.1.1-Windows\bin\Bartonella_gltA_sequences_MAFFT-L-INS-i_GB.fasta.splits.nex
Total tree length: 2.568

Total number of iterations: 247
CPU time used for tree search: 37.281 sec (0h:0m:37s)
Wall-clock time used for tree search: 37.195 sec (0h:0m:37s)
Total CPU time used: 39.391 sec (0h:0m:39s)
Total wall-clock time used: 39.529 sec (0h:0m:39s)

Computing bootstrap consensus tree...
Reading input file C:\iqtree-2.1.1-Windows\bin\Bartonella_gltA_sequences_MAFFT-L-INS-i_GB.fasta.splits.nex...
62 taxa and 665 splits.
Consensus tree written to C:\iqtree-2.1.1-Windows\bin\Bartonella_gltA_sequences_MAFFT-L-INS-i_GB.fasta.contree
Reading input trees file C:\iqtree-2.1.1-Windows\bin\Bartonella_gltA_sequences_MAFFT-L-INS-i_GB.fasta.contree
Log-likelihood of consensus tree: -2745.887

Analysis results written to: 
  IQ-TREE report:                C:\iqtree-2.1.1-Windows\bin\Bartonella_gltA_sequences_MAFFT-L-INS-i_GB.fasta.iqtree
  Maximum-likelihood tree:       C:\iqtree-2.1.1-Windows\bin\Bartonella_gltA_sequences_MAFFT-L-INS-i_GB.fasta.treefile
  Likelihood distances:          C:\iqtree-2.1.1-Windows\bin\Bartonella_gltA_sequences_MAFFT-L-INS-i_GB.fasta.mldist

Ultrafast bootstrap approximation results written to:
  Split support values:          C:\iqtree-2.1.1-Windows\bin\Bartonella_gltA_sequences_MAFFT-L-INS-i_GB.fasta.splits.nex
  Consensus tree:                C:\iqtree-2.1.1-Windows\bin\Bartonella_gltA_sequences_MAFFT-L-INS-i_GB.fasta.contree
  Screen log file:               C:\iqtree-2.1.1-Windows\bin\Bartonella_gltA_sequences_MAFFT-L-INS-i_GB.fasta.log

Date and Time: Sun Oct 04 12:06:56 2020
