IQ-TREE multicore version 2.1.1 COVID-edition for Windows 64-bit built Aug 20 2020
Developed by Bui Quang Minh, James Barbetti, Nguyen Lam Tung,
Olga Chernomor, Heiko Schmidt, Dominik Schrempf, Michael Woodhams.

Host:    DESKTOP-7HQB3DG (AVX2, FMA3, 7 GB RAM)
Command: iqtree2 -s C:\iqtree-2.1.1-Windows\bin\Bartonella_ftsZ_sequences_MAFFT-L-INS-i_GB.fasta -m MFP -B 1000
Seed:    894052 (Using SPRNG - Scalable Parallel Random Number Generator)
Time:    Sun Oct 04 11:53:20 2020
Kernel:  AVX+FMA - 1 threads (4 CPU cores detected)

HINT: Use -nt option to specify number of threads because your CPU has 4 cores!
HINT: -nt AUTO will automatically determine the best number of threads to use.

Reading alignment file C:\iqtree-2.1.1-Windows\bin\Bartonella_ftsZ_sequences_MAFFT-L-INS-i_GB.fasta ... Fasta format detected
Alignment most likely contains DNA/RNA sequences
Alignment has 23 sequences with 727 columns, 288 distinct patterns
228 parsimony-informative, 64 singleton sites, 435 constant sites
                                             Gap/Ambiguity  Composition  p-value
   1  B._apis_BBC0122_NZ_CP015625                    0.00%    failed      0.01%
   2  B._tamiae_Th239_NZ_JH725147                    0.00%    passed     96.58%
   3  B._sp._Eidolon.helvum_E1-105_HM363770          5.91%    passed     20.51%
   4  B._sp._Eidolon.helvum_E2-114_HM363771          0.00%    passed     83.93%
   5  B._sp._Eidolon.helvum_E5_B40014_KJ999689       0.00%    passed     18.23%
   6  B._sp._Eidolon.helvum_Ew-111_HM363773          0.00%    passed     64.36%
   7  B._sp._Eidolon.helvum_E4_B39301_KJ999687       0.00%    passed     38.24%
   8  B._sp._Eidolon.helvum_E3-106_HM363772          0.00%    passed     93.25%
   9  B._sp._Eidolon.helvum_Eh6-0110-R117            0.55%    passed     96.09%
  10  B._sp._Eidolon.helvum_Eh6-0510-A110            0.00%    passed     94.57%
  11  B._sp._Eidolon.helvum_Eh6-1109-Q135            1.51%    passed     94.01%
  12  B._sp._Eidolon.helvum_Eh6-0510-A106            0.00%    passed     94.57%
  13  B._sp._Eidolon.helvum_Eh6-170112-D086          1.24%    passed     97.54%
  14  B._sp._Eidolon.helvum_Eh6-170112-D094          0.55%    passed     96.59%
  15  B._sp._Eidolon.helvum_Eh6-1109-Q131            2.48%    passed     94.43%
  16  B._sp._Eidolon.helvum_Eh6-0110-R70             1.24%    passed     96.69%
  17  B._sp._Eidolon.helvum_Eh6-0110-R12             3.44%    passed     95.01%
  18  B._sp._Eidolon.helvum_Eh6-170112-D053          6.05%    passed     96.59%
  19  B._sp._Eidolon.helvum_Eh6-0110-R4              5.23%    passed     87.90%
  20  B._sp._Eidolon.helvum_Eh6-0110-R35             2.48%    passed     87.33%
  21  B._sp._Eidolon.helvum_Eh7-0110-R89             0.69%    passed     79.38%
  22  B._sp._Eidolon.helvum_Eh7-0110-R16             0.00%    passed     90.62%
  23  Brucella_abortus_Biovar-3_Tulya_NZ_DS999886    0.00%    failed      0.00%
****  TOTAL                                          1.36%  2 sequences failed composition chi2 test (p-value<5%; df=3)
NOTE: B._sp._Eidolon.helvum_Eh6-0510-A106 is identical to B._sp._Eidolon.helvum_Eh6-0510-A110 but kept for subsequent analysis


Create initial parsimony tree by phylogenetic likelihood library (PLL)... 0.009 seconds
Perform fast likelihood tree search using GTR+I+G model...
Estimate model parameters (epsilon = 5.000)
Perform nearest neighbor interchange...
Estimate model parameters (epsilon = 1.000)
1. Initial log-likelihood: -4319.954
Optimal log-likelihood: -4319.493
Rate parameters:  A-C: 1.77224  A-G: 6.25031  A-T: 1.48860  C-G: 0.00010  C-T: 7.78838  G-T: 1.00000
Base frequencies:  A: 0.236  C: 0.182  G: 0.289  T: 0.293
Proportion of invariable sites: 0.317
Gamma shape alpha: 0.400
Parameters optimization took 1 rounds (0.042 sec)
Time for fast ML tree search: 0.228 seconds

NOTE: ModelFinder requires 3 MB RAM!
ModelFinder will test up to 286 DNA models (sample size: 727) ...
 No. Model         -LnL         df  AIC          AICc         BIC
  1  GTR+F         4772.199     51  9646.399     9654.257     9880.434
  2  GTR+F+I       4347.767     52  8799.535     8807.713     9038.159
  3  GTR+F+G4      4324.088     52  8752.176     8760.354     8990.800
  4  GTR+F+I+G4    4312.653     53  8731.306     8739.811     8974.519
  5  GTR+F+R2      4382.608     53  8871.217     8879.722     9114.430
  6  GTR+F+R3      4349.665     55  8809.331     8818.511     9061.722
  7  GTR+F+R4      4314.212     57  8742.423     8752.307     9003.992
  8  GTR+F+R5      4310.092     59  8738.184     8748.798     9008.930
 17  SYM+I+G4      4317.920     50  8735.840     8743.384     8965.286
 30  TVM+F+I+G4    4312.926     52  8729.852     8738.030     8968.476
 43  TVMe+I+G4     4319.675     49  8737.350     8744.588     8962.208
 56  TIM3+F+I+G4   4325.296     51  8752.593     8760.451     8986.628
 69  TIM3e+I+G4    4326.212     48  8748.424     8755.362     8968.693
 82  TIM2+F+I+G4   4317.451     51  8736.903     8744.761     8970.938
 95  TIM2e+I+G4    4328.322     48  8752.643     8759.581     8972.912
108  TIM+F+I+G4    4325.750     51  8753.500     8761.358     8987.535
121  TIMe+I+G4     4331.714     48  8759.429     8766.367     8979.697
134  TPM3u+F+I+G4  4325.598     50  8751.197     8758.741     8980.643
147  TPM3+F+I+G4   4325.598     50  8751.197     8758.741     8980.643
160  TPM2u+F+I+G4  4317.669     50  8735.338     8742.882     8964.784
173  TPM2+F+I+G4   4317.669     50  8735.338     8742.882     8964.784
186  K3Pu+F+I+G4   4326.058     50  8752.115     8759.660     8981.562
199  K3P+I+G4      4334.207     47  8762.414     8769.059     8978.093
212  TN+F+I+G4     4325.755     50  8751.509     8759.054     8980.956
225  TNe+I+G4      4331.857     47  8757.714     8764.359     8973.394
238  HKY+F+I+G4    4326.066     49  8750.133     8757.370     8974.990
251  K2P+I+G4      4334.337     46  8760.674     8767.032     8971.764
264  F81+F+I+G4    4525.803     48  9147.607     9154.545     9367.875
277  JC+I+G4       4507.858     45  9105.716     9111.796     9312.218
Akaike Information Criterion:           TVM+F+I+G4
Corrected Akaike Information Criterion: TVM+F+I+G4
Bayesian Information Criterion:         TVMe+I+G4
Best-fit model: TVMe+I+G4 chosen according to BIC

All model information printed to C:\iqtree-2.1.1-Windows\bin\Bartonella_ftsZ_sequences_MAFFT-L-INS-i_GB.fasta.model.gz
CPU time for ModelFinder: 4.328 seconds (0h:0m:4s)
Wall-clock time for ModelFinder: 4.710 seconds (0h:0m:4s)
Generating 1000 samples for ultrafast bootstrap (seed: 894052)...

NOTE: 1 MB RAM (0 GB) is required!
Estimate model parameters (epsilon = 0.100)
Thoroughly optimizing +I+G parameters from 10 start values...
Init pinv, alpha: 0.000, 1.083 / Estimate: 0.000, 0.208 / LogL: -4331.716
Init pinv, alpha: 0.066, 1.083 / Estimate: 0.070, 0.238 / LogL: -4331.308
Init pinv, alpha: 0.133, 1.083 / Estimate: 0.162, 0.282 / LogL: -4329.526
Init pinv, alpha: 0.199, 1.083 / Estimate: 0.499, 0.863 / LogL: -4319.738
Init pinv, alpha: 0.266, 1.083 / Estimate: 0.498, 0.863 / LogL: -4319.741
Init pinv, alpha: 0.332, 1.083 / Estimate: 0.501, 0.877 / LogL: -4319.703
Init pinv, alpha: 0.399, 1.083 / Estimate: 0.502, 0.881 / LogL: -4319.699
Init pinv, alpha: 0.465, 1.083 / Estimate: 0.505, 0.901 / LogL: -4319.646
Init pinv, alpha: 0.532, 1.083 / Estimate: 0.530, 1.085 / LogL: -4319.586
Init pinv, alpha: 0.598, 1.083 / Estimate: 0.532, 1.108 / LogL: -4319.558
Optimal pinv,alpha: 0.532, 1.108 / LogL: -4319.558

Parameters optimization took 2.266 sec
Computing ML distances based on estimated model parameters...
Computing ML distances took 0.021214 sec (of wall-clock time) 0.015625 sec(of CPU time)
Computing RapidNJ tree took 0.000220 sec (of wall-clock time) 0.000000 sec (of CPU time)
Log-likelihood of RapidNJ tree: -4331.281
--------------------------------------------------------------------
|             INITIALIZING CANDIDATE TREE SET                      |
--------------------------------------------------------------------
Generating 98 parsimony trees... 0.157 second
Computing log-likelihood of 98 initial trees ... 0.203 seconds
Current best score: -4319.558

Do NNI search on 20 best initial trees
Estimate model parameters (epsilon = 0.100)
BETTER TREE FOUND at iteration 1: -4319.465
Estimate model parameters (epsilon = 0.100)
BETTER TREE FOUND at iteration 2: -4317.724
Estimate model parameters (epsilon = 0.100)
BETTER TREE FOUND at iteration 3: -4317.238
Iteration 10 / LogL: -4319.387 / Time: 0h:0m:3s
Estimate model parameters (epsilon = 0.100)
BETTER TREE FOUND at iteration 17: -4312.751
Iteration 20 / LogL: -4312.752 / Time: 0h:0m:4s
Finish initializing candidate tree set (20)
Current best tree score: -4312.751 / CPU time: 1.779
Number of iterations: 20
--------------------------------------------------------------------
|               OPTIMIZING CANDIDATE TREE SET                      |
--------------------------------------------------------------------
BETTER TREE FOUND at iteration 22: -4312.750
BETTER TREE FOUND at iteration 27: -4312.750
Iteration 30 / LogL: -4312.804 / Time: 0h:0m:4s (0h:0m:15s left)
Iteration 40 / LogL: -4312.750 / Time: 0h:0m:5s (0h:0m:11s left)
BETTER TREE FOUND at iteration 43: -4312.750
Iteration 50 / LogL: -4312.750 / Time: 0h:0m:5s (0h:0m:10s left)
Log-likelihood cutoff on original alignment: -4343.539
Iteration 60 / LogL: -4314.701 / Time: 0h:0m:6s (0h:0m:9s left)
UPDATE BEST LOG-LIKELIHOOD: -4312.750
Iteration 70 / LogL: -4312.752 / Time: 0h:0m:6s (0h:0m:7s left)
Iteration 80 / LogL: -4314.700 / Time: 0h:0m:7s (0h:0m:5s left)
Iteration 90 / LogL: -4312.750 / Time: 0h:0m:7s (0h:0m:4s left)
Iteration 100 / LogL: -4312.751 / Time: 0h:0m:8s (0h:0m:3s left)
Log-likelihood cutoff on original alignment: -4344.440
NOTE: Bootstrap correlation coefficient of split occurrence frequencies: 0.989
NOTE: UFBoot does not converge, continue at least 100 more iterations
Iteration 110 / LogL: -4312.752 / Time: 0h:0m:8s (0h:0m:7s left)
Iteration 120 / LogL: -4312.752 / Time: 0h:0m:9s (0h:0m:6s left)
Iteration 130 / LogL: -4312.751 / Time: 0h:0m:9s (0h:0m:5s left)
Iteration 140 / LogL: -4313.767 / Time: 0h:0m:10s (0h:0m:4s left)
Iteration 150 / LogL: -4312.750 / Time: 0h:0m:10s (0h:0m:3s left)
Log-likelihood cutoff on original alignment: -4344.254
Iteration 160 / LogL: -4312.750 / Time: 0h:0m:11s (0h:0m:2s left)
Iteration 170 / LogL: -4316.254 / Time: 0h:0m:11s (0h:0m:2s left)
Iteration 180 / LogL: -4312.750 / Time: 0h:0m:12s (0h:0m:1s left)
Iteration 190 / LogL: -4312.750 / Time: 0h:0m:12s (0h:0m:0s left)
Iteration 200 / LogL: -4312.751 / Time: 0h:0m:12s (0h:0m:0s left)
Log-likelihood cutoff on original alignment: -4344.254
NOTE: Bootstrap correlation coefficient of split occurrence frequencies: 0.982
NOTE: UFBoot does not converge, continue at least 100 more iterations
Iteration 210 / LogL: -4314.004 / Time: 0h:0m:13s (0h:0m:5s left)
BETTER TREE FOUND at iteration 216: -4312.750
Iteration 220 / LogL: -4312.751 / Time: 0h:0m:13s (0h:0m:6s left)
Iteration 230 / LogL: -4312.753 / Time: 0h:0m:14s (0h:0m:5s left)
Iteration 240 / LogL: -4312.751 / Time: 0h:0m:15s (0h:0m:4s left)
Iteration 250 / LogL: -4312.751 / Time: 0h:0m:15s (0h:0m:4s left)
Log-likelihood cutoff on original alignment: -4344.254
Iteration 260 / LogL: -4312.751 / Time: 0h:0m:16s (0h:0m:3s left)
UPDATE BEST LOG-LIKELIHOOD: -4312.750
Iteration 270 / LogL: -4312.751 / Time: 0h:0m:16s (0h:0m:2s left)
Iteration 280 / LogL: -4316.256 / Time: 0h:0m:17s (0h:0m:2s left)
Iteration 290 / LogL: -4312.751 / Time: 0h:0m:17s (0h:0m:1s left)
Iteration 300 / LogL: -4312.750 / Time: 0h:0m:18s (0h:0m:0s left)
Log-likelihood cutoff on original alignment: -4344.254
NOTE: Bootstrap correlation coefficient of split occurrence frequencies: 0.994
Iteration 310 / LogL: -4317.216 / Time: 0h:0m:18s (0h:0m:5s left)
TREE SEARCH COMPLETED AFTER 317 ITERATIONS / Time: 0h:0m:19s

--------------------------------------------------------------------
|                    FINALIZING TREE SEARCH                        |
--------------------------------------------------------------------
Performs final model parameters optimization
Estimate model parameters (epsilon = 0.010)
1. Initial log-likelihood: -4312.750
2. Current log-likelihood: -4312.732
3. Current log-likelihood: -4312.716
Optimal log-likelihood: -4312.712
Rate parameters:  A-C: 0.88763  A-G: 4.93686  A-T: 1.31699  C-G: 0.00010  C-T: 4.93686  G-T: 1.00000
Base frequencies:  A: 0.250  C: 0.250  G: 0.250  T: 0.250
Proportion of invariable sites: 0.522
Gamma shape alpha: 1.022
Parameters optimization took 3 rounds (0.077 sec)
BEST SCORE FOUND : -4312.712
Creating bootstrap support values...
Split supports printed to NEXUS file C:\iqtree-2.1.1-Windows\bin\Bartonella_ftsZ_sequences_MAFFT-L-INS-i_GB.fasta.splits.nex
Total tree length: 2.404

Total number of iterations: 317
CPU time used for tree search: 16.844 sec (0h:0m:16s)
Wall-clock time used for tree search: 16.955 sec (0h:0m:16s)
Total CPU time used: 19.141 sec (0h:0m:19s)
Total wall-clock time used: 19.655 sec (0h:0m:19s)

Computing bootstrap consensus tree...
Reading input file C:\iqtree-2.1.1-Windows\bin\Bartonella_ftsZ_sequences_MAFFT-L-INS-i_GB.fasta.splits.nex...
23 taxa and 454 splits.
Consensus tree written to C:\iqtree-2.1.1-Windows\bin\Bartonella_ftsZ_sequences_MAFFT-L-INS-i_GB.fasta.contree
Reading input trees file C:\iqtree-2.1.1-Windows\bin\Bartonella_ftsZ_sequences_MAFFT-L-INS-i_GB.fasta.contree
Log-likelihood of consensus tree: -4312.722

Analysis results written to: 
  IQ-TREE report:                C:\iqtree-2.1.1-Windows\bin\Bartonella_ftsZ_sequences_MAFFT-L-INS-i_GB.fasta.iqtree
  Maximum-likelihood tree:       C:\iqtree-2.1.1-Windows\bin\Bartonella_ftsZ_sequences_MAFFT-L-INS-i_GB.fasta.treefile
  Likelihood distances:          C:\iqtree-2.1.1-Windows\bin\Bartonella_ftsZ_sequences_MAFFT-L-INS-i_GB.fasta.mldist

Ultrafast bootstrap approximation results written to:
  Split support values:          C:\iqtree-2.1.1-Windows\bin\Bartonella_ftsZ_sequences_MAFFT-L-INS-i_GB.fasta.splits.nex
  Consensus tree:                C:\iqtree-2.1.1-Windows\bin\Bartonella_ftsZ_sequences_MAFFT-L-INS-i_GB.fasta.contree
  Screen log file:               C:\iqtree-2.1.1-Windows\bin\Bartonella_ftsZ_sequences_MAFFT-L-INS-i_GB.fasta.log

Date and Time: Sun Oct 04 11:53:45 2020
