IQ-TREE multicore version 2.1.1 COVID-edition for Windows 64-bit built Aug 20 2020
Developed by Bui Quang Minh, James Barbetti, Nguyen Lam Tung,
Olga Chernomor, Heiko Schmidt, Dominik Schrempf, Michael Woodhams.

Host:    DESKTOP-7HQB3DG (AVX2, FMA3, 7 GB RAM)
Command: iqtree2 -s C:\iqtree-2.1.1-Windows\bin\Bartonella_conc_sequences.fasta -m MFP -B 1000
Seed:    78211 (Using SPRNG - Scalable Parallel Random Number Generator)
Time:    Sun Nov 29 14:55:33 2020
Kernel:  AVX+FMA - 1 threads (4 CPU cores detected)

HINT: Use -nt option to specify number of threads because your CPU has 4 cores!
HINT: -nt AUTO will automatically determine the best number of threads to use.

Reading alignment file C:\iqtree-2.1.1-Windows\bin\Bartonella_conc_sequences.fasta ... Fasta format detected
Alignment most likely contains DNA/RNA sequences
Alignment has 114 sequences with 1247 columns, 713 distinct patterns
528 parsimony-informative, 89 singleton sites, 630 constant sites
                                                 Gap/Ambiguity  Composition  p-value
   1  B._acomydis_KS2_1                                  9.70%    passed     97.84%
   2  B._birtlesii_IBS325                                0.00%    passed     91.27%
   3  B._florenciae_R4                                   0.00%    passed     95.63%
   4  B._alsatica_IBS382                                 0.00%    passed     76.54%
   5  B._phoceensis_16120                                0.00%    passed     99.39%
   6  B._callosciuri_BR1_1                               9.70%    passed     94.90%
   7  B._coopersplainsensis_AUST_NH20                    9.38%    passed     99.66%
   8  B._japonica_Fuji_18_1                              9.70%    passed     99.55%
   9  B._vinsonii_arupensis_Pm136co                      0.00%    passed     89.06%
  10  B._vinsonii_vinsonii_Baker                         9.14%    passed     85.90%
  11  B._vinsonii_berkhoffii_Tweed                       0.00%    passed     93.13%
  12  B._taylorii_8TBB                                   0.00%    passed     85.47%
  13  B._pachyuromydis_FN15_2                            9.70%    passed     92.93%
  14  B._sp._Meriones.libycus_B29771                     0.32%    passed     85.55%
  15  B._sp._Sekeetamys.calurus_FG1_1                    9.70%    passed     77.43%
  16  B._sp._Chaerephon.plicatus_SK157                   0.00%    passed     90.11%
  17  B._sp._Chaerephon.plicatus_SK194                   0.00%    passed     63.19%
  18  B._sp._Myotis.blythii_Vesp_4_B44601                0.24%    passed     90.27%
  19  B._sp._Myotis.blythii_Vesp_5_B44622                0.00%    passed     95.75%
  20  B._sp._Rhinolophus.ferrumequinum_Rhin_1_B44706     0.00%    passed     87.34%
  21  B._sp._Eidolon.helvum_Ew_111                       2.25%    passed     83.31%
  22  B._sp._Chaerephon.plicatus_SK165                   2.33%    passed     50.59%
  23  B._henselae_Houston_1                              0.00%    passed     88.44%
  24  B._koehlerae_C_29                                  0.00%    passed     90.56%
  25  B._quintana_Toulouse                               0.00%    passed     85.73%
  26  B._washoensis_Sb944nv                              0.00%    passed     65.03%
  27  B._sp._Eptesicus.nilssoni_1157_3                  31.36%    passed     56.10%
  28  B._sp._Myotis.blythii_Vesp_2_B44722                0.00%    passed     64.42%
  29  B._sp._Eptesicus.serotinus_Vesp_3_B44724           2.17%    passed     70.28%
  30  B._sp._Myotis.emarginatus_Vesp_1_B44731            0.16%    passed     82.97%
  31  B._sp._Myotis.daubentonii_1160_1                  31.36%    passed     43.22%
  32  B._mayotimonensis_EYL_2008                        44.67%    passed     46.88%
  33  B._sp._Hipposideros.armiger_KK182                  0.00%    passed     86.99%
  34  B._sp._Hipposideros.fulvus_CR224                   0.00%    passed     48.91%
  35  B._sp._Hipposideros.armiger_KK200a                 0.00%    passed     85.49%
  36  B._sp._Triaenops.persicus_T_837                    0.00%    passed     85.30%
  37  B._sp._Rhinolophus.ferrumequinum_Rhin_2_B44658     0.24%    passed     88.87%
  38  B._sp._Rhinolophus.ferrumequinum_Rhin_3_B44712     1.20%    passed     83.48%
  39  B._sp._Hipposideros.larvatus_KP277                 0.00%    passed     55.85%
  40  B._sp._Rhinolophus.euryale_Rhin_4_B44528           0.96%    passed     66.08%
  41  B._sp._Eidolon.helvum_E1_105                       4.81%    passed     88.28%
  42  B._sp._Eidolon.helvum_E2_114                       0.00%    passed     92.15%
  43  B._sp._Eidolon.helvum_E5_B40014                    0.64%    passed     53.02%
  44  B._sp._Miniopterus.fuliginosus_No.05              12.11%    passed     82.18%
  45  B._sp._Miniopterus.fuliginosus_No.07              12.11%    passed     77.23%
  46  B._sp._Miniopterus.schreibersii_Mini_1_B44530      0.00%    passed     88.22%
  47  B._sp._Miniopterus.schreibersii_Mini_1.1_B44608    0.48%    passed     94.48%
  48  B._sp._Miniopterus.schreibersii_Mini_2_B44599      2.25%    passed     68.47%
  49  B._sp._Miniopterus.schreibersii_Mini_3_B44593      0.00%    passed     77.39%
  50  B._sp._Myotis.blythii_Vesp_10_B44602               0.24%    passed     71.80%
  51  B._sp._Rhinolophus.ferrumequinum_Rhin_5_B44552     0.40%    passed     84.74%
  52  B._rattaustraliani_AUST_NH4                        0.00%    passed     72.80%
  53  B._sp._Coleura.afra_C_583                          3.85%    passed     85.94%
  54  B._sp._Taphozous.melanopogon_KP283b                1.68%    passed     79.75%
  55  B._sp._Hipposideros.vittatus_H_556                 0.08%    passed     48.28%
  56  B._sp._Rousettus.aegyptiacus_R_191                 0.16%    passed     34.77%
  57  B._sp._Eidolon.helvum_E3_106                       0.00%    passed     32.77%
  58  B._sp._Myotis.blythii_Vesp_6_B44711                0.24%    passed     85.15%
  59  B._sp._Myotis.emarginatus_Vesp_7_B44732            0.56%    passed     79.43%
  60  B._sp._Myotis.blythii_Vesp_8_B44591                0.72%    passed     70.10%
  61  B._sp._Myotis.emarginatus_Vesp_9_B44544            0.00%    passed     97.37%
  62  B._sp._Myotis.daubentonii_2574_1                  31.36%    passed     28.83%
  63  B._lascolai_Pteronotus.parnellii_C102              1.36%    passed     85.53%
  64  B._sp._Artibeus.jamaicensis_D1                    28.95%    passed     60.42%
  65  B._sp._Desmodus.rotundus_DR22                     28.87%    passed     74.91%
  66  B._sp._Desmodus.rotundus_DR24                     28.87%    passed     74.53%
  67  B._clarridgeiae_73                                 0.00%    passed     78.88%
  68  B._sp._Meles.anakuma_JB15                          0.00%    passed     69.67%
  69  B._rochalimae_ATCCBAA_1498                         0.00%    passed     57.29%
  70  B._sp._Rattus.norvegicus_1_1C                      0.00%    passed     34.20%
  71  B._sp._Myodes.glareolus_A296                      10.67%    passed     82.86%
  72  B._sp._Tamiasciurus.hudsonicus_AR_15_3             0.00%    passed     72.69%
  73  B._sp._Myotis.emarginatus_Vesp_12_B44617           0.16%    passed     84.63%
  74  B._sp._Eidolon.helvum_E4_B39301                    0.64%    passed     67.33%
  75  B._bovis_91_4                                      0.00%    passed     45.37%
  76  B._capreoli_IBS193                                11.07%    passed     58.54%
  77  B._sp._Rusa.timorensis_Pangjai_1                  11.07%    passed     33.86%
  78  B._chomelii_Ru15                                   0.64%    passed     68.71%
  79  B._melophagi_K_2C                                  0.00%    passed     49.78%
  80  B._schoenbuchensis_R1                              0.00%    passed     65.43%
  81  B._sp._Cervus.nippon_WD12.1                        0.00%    passed     60.53%
  82  B._rolaini_Noctilio.albiventris_C65                1.44%    passed     24.27%
  83  B._sp._Desmodus.rotundus_DR13                     28.87%    passed     36.93%
  84  B._sp._Pteronotus.parnellii_F14                   28.87%    passed     11.00%
  85  B._sp._Desmodus.rotundus_A14                      28.87%    passed     66.94%
  86  B._sp._Sturnira.lilium_J3                         28.39%    passed     41.79%
  87  B._sp._Desmodus.rotundus_M9                       28.87%    passed     51.88%
  88  B._elizabethae_F9251                               0.00%    passed     87.38%
  89  B._mastomydis_008                                  0.80%    passed     91.58%
  90  B._queenslandensis_AUST_NH15                       0.00%    passed     81.39%
  91  B._tribocorum_BM1374166                            0.00%    passed     89.88%
  92  B._grahamii_as4aup                                 0.00%    passed     89.60%
  93  B._rattimassiliensis_15908                         0.00%    passed     93.33%
  94  B._sp._Pipistrellus.pygmaeus_Vesp_13_B44718        4.89%    passed     48.55%
  95  B._silvatica_Fuji_23_1                             9.70%    passed     89.51%
  96  B._doshiae_NCTC12862                               0.00%    passed     99.22%
  97  B._sp._Gerbillus.pyramidum_OE5_1                   9.70%    passed     95.33%
  98  B._sp._Sekeetamys.calurus_FG3_1                    9.70%    passed     98.43%
  99  B._sp._Pteronotus.parnellii_F9                    28.87%    passed     42.49%
 100  B._sp._Myotis.blythii_Vesp_11_B44721              14.84%    passed     55.98%
 101  B._australis_Aust_NH1                              0.00%    passed     57.67%
 102  B._antechini_MU1_F19                               1.44%    passed     74.16%
 103  B._woyliei_WC1                                     2.00%    passed      9.32%
 104  B._ancashensis_20.00                               0.00%    passed     66.22%
 105  B._bandicootii_BA1                                 1.44%    passed     16.53%
 106  B._sp._Akodon.sp_6076                             28.71%    passed     52.67%
 107  B._sp._Hylaeamys.sp_13060                         28.23%    passed     80.25%
 108  B._sp._Eidolon.helvum_Eh6_0510_A106               13.39%    passed     53.11%
 109  B._sp._Eidolon.helvum_Eh6_1109_Q131               17.16%    passed     74.85%
 110  B._sp._Eidolon.helvum_Eh7_0110_R16                13.07%    passed     60.74%
 111  B._thailandensis_Bthai                            33.92%    passed     40.11%
 112  B._tamiae_Th239                                    0.00%    passed     73.74%
 113  B._apis_BBC0122                                    0.00%    failed      0.00%
 114  Brucella_abortus_Biovar_3_Tulya                    0.00%    failed      0.00%
****  TOTAL                                              6.50%  2 sequences failed composition chi2 test (p-value<5%; df=3)


Create initial parsimony tree by phylogenetic likelihood library (PLL)... 0.055 seconds
Perform fast likelihood tree search using GTR+I+G model...
Estimate model parameters (epsilon = 5.000)
Perform nearest neighbor interchange...
Estimate model parameters (epsilon = 1.000)
1. Initial log-likelihood: -27714.507
2. Current log-likelihood: -27713.314
Optimal log-likelihood: -27712.993
Rate parameters:  A-C: 1.98527  A-G: 7.98393  A-T: 0.64865  C-G: 0.46197  C-T: 8.60098  G-T: 1.00000
Base frequencies:  A: 0.268  C: 0.170  G: 0.252  T: 0.311
Proportion of invariable sites: 0.465
Gamma shape alpha: 0.713
Parameters optimization took 2 rounds (0.341 sec)
Time for fast ML tree search: 2.210 seconds

NOTE: ModelFinder requires 29 MB RAM!
ModelFinder will test up to 286 DNA models (sample size: 1247) ...
 No. Model         -LnL         df  AIC          AICc         BIC
  1  GTR+F         33756.294    233 67978.587    68086.232    69173.527
  2  GTR+F+I       29724.066    234 59916.131    60024.807    61116.199
  3  GTR+F+G4      27964.351    234 56396.703    56505.379    57596.771
  4  GTR+F+I+G4    27712.884    235 55895.768    56005.482    57100.965
  5  GTR+F+R2      28790.904    235 58051.809    58161.522    59257.006
  6  GTR+F+R3      28010.597    237 56495.194    56607.000    57710.648
  7  GTR+F+R4      27858.360    239 56194.720    56308.642    57420.430
  8  GTR+F+R5      27790.812    241 56063.624    56179.688    57299.591
  9  GTR+F+R6      27756.676    243 55999.351    56117.580    57245.576
 10  GTR+F+R7      27671.790    245 55833.580    55953.999    57090.061
 11  GTR+F+R8      27667.145    247 55828.290    55950.925    57095.029
 23  SYM+R7        27789.227    242 56062.454    56179.598    57303.550
 24  SYM+R8        27788.420    244 56064.839    56184.161    57316.192
 36  TVM+F+R7      27660.573    244 55809.146    55928.467    57060.499
WARNING: Log-likelihood -27661.8 of TVM+F+R8 worse than TVM+F+R7 -27660.6
 37  TVM+F+R8      27661.849    246 55815.698    55937.222    57077.308
 49  TVMe+R7       27791.973    241 56065.946    56182.010    57301.913
WARNING: Log-likelihood -27798.4 of TVMe+R8 worse than TVMe+R7 -27792
 50  TVMe+R8       27798.420    243 56082.839    56201.068    57329.064
 62  TIM3+F+R7     27714.427    243 55914.854    56033.084    57161.079
 63  TIM3+F+R8     27713.462    245 55916.924    56037.343    57173.405
 75  TIM3e+R7      27842.803    240 56165.606    56280.596    57396.445
 76  TIM3e+R8      27843.074    242 56170.147    56287.291    57411.243
 88  TIM2+F+R7     27731.302    243 55948.604    56066.833    57194.829
WARNING: Log-likelihood -27732.5 of TIM2+F+R8 worse than TIM2+F+R7 -27731.3
 89  TIM2+F+R8     27732.498    245 55954.996    56075.415    57211.477
101  TIM2e+R7      27833.999    240 56147.997    56262.987    57378.836
102  TIM2e+R8      27834.550    242 56153.100    56270.243    57394.196
114  TIM+F+R7      27696.981    243 55879.962    55998.191    57126.187
115  TIM+F+R8      27696.398    245 55882.797    56003.216    57139.278
127  TIMe+R7       27820.264    240 56120.529    56235.519    57351.368
128  TIMe+R8       27820.429    242 56124.858    56242.002    57365.954
140  TPM3u+F+R7    27717.326    242 55918.652    56035.796    57159.748
141  TPM3u+F+R8    27716.270    244 55920.540    56039.861    57171.893
153  TPM3+F+R7     27717.326    242 55918.652    56035.796    57159.748
154  TPM3+F+R8     27716.270    244 55920.540    56039.861    57171.893
166  TPM2u+F+R7    27734.418    242 55952.836    56069.979    57193.932
167  TPM2u+F+R8    27735.012    244 55958.023    56077.344    57209.376
179  TPM2+F+R7     27734.418    242 55952.836    56069.979    57193.932
180  TPM2+F+R8     27735.012    244 55958.023    56077.344    57209.376
192  K3Pu+F+R7     27700.714    242 55885.429    56002.572    57126.525
193  K3Pu+F+R8     27700.122    244 55888.243    56007.565    57139.596
205  K3P+R7        27824.843    239 56127.686    56241.608    57353.396
WARNING: Log-likelihood -27830.6 of K3P+R8 worse than K3P+R7 -27824.8
206  K3P+R8        27830.572    241 56143.143    56259.207    57379.111
218  TN+F+R7       27737.027    242 55958.053    56075.197    57199.149
219  TN+F+R8       27736.410    244 55960.820    56080.142    57212.173
231  TNe+R7        27843.483    239 56164.966    56278.888    57390.676
232  TNe+R8        27843.719    241 56169.437    56285.501    57405.405
244  HKY+F+R7      27740.642    241 55963.284    56079.348    57199.252
245  HKY+F+R8      27741.616    243 55969.231    56087.461    57215.456
257  K2P+R7        27847.861    238 56171.721    56284.583    57392.303
WARNING: Log-likelihood -27853.2 of K2P+R8 worse than K2P+R7 -27847.9
258  K2P+R8        27853.189    240 56186.377    56301.367    57417.216
270  F81+F+R7      30376.150    240 61232.300    61347.290    62463.139
WARNING: Log-likelihood -30405.6 of F81+F+R8 worse than F81+F+R7 -30376.1
271  F81+F+R8      30405.610    242 61295.219    61412.363    62536.315
283  JC+R7         30135.171    237 60744.342    60856.148    61959.796
WARNING: Log-likelihood -30409.1 of JC+R8 worse than JC+R7 -30135.2
284  JC+R8         30409.067    239 61296.134    61410.057    62521.845
Akaike Information Criterion:           TVM+F+R7
Corrected Akaike Information Criterion: TVM+F+R7
Bayesian Information Criterion:         TVM+F+R7
Best-fit model: TVM+F+R7 chosen according to BIC

All model information printed to C:\iqtree-2.1.1-Windows\bin\Bartonella_conc_sequences.fasta.model.gz
CPU time for ModelFinder: 834.562 seconds (0h:13m:54s)
Wall-clock time for ModelFinder: 839.039 seconds (0h:13m:59s)
Generating 1000 samples for ultrafast bootstrap (seed: 78211)...

NOTE: 21 MB RAM (0 GB) is required!
Estimate model parameters (epsilon = 0.100)
1. Initial log-likelihood: -27660.573
Optimal log-likelihood: -27660.440
Rate parameters:  A-C: 2.07152  A-G: 8.57226  A-T: 0.66841  C-G: 0.44738  C-T: 8.57226  G-T: 1.00000
Base frequencies:  A: 0.268  C: 0.170  G: 0.252  T: 0.311
Site proportion and rates:  (0.570,0.019) (0.073,0.328) (0.019,0.332) (0.055,0.781) (0.138,1.675) (0.107,3.789) (0.039,7.297)
Parameters optimization took 1 rounds (0.567 sec)
Computing ML distances based on estimated model parameters...
Computing ML distances took 0.352217 sec (of wall-clock time) 0.343750 sec(of CPU time)
Computing RapidNJ tree took 0.001093 sec (of wall-clock time) 0.000000 sec (of CPU time)
Log-likelihood of RapidNJ tree: -27875.061
--------------------------------------------------------------------
|             INITIALIZING CANDIDATE TREE SET                      |
--------------------------------------------------------------------
Generating 98 parsimony trees... 3.011 second
Computing log-likelihood of 98 initial trees ... 2.790 seconds
Current best score: -27660.440

Do NNI search on 20 best initial trees
Estimate model parameters (epsilon = 0.100)
BETTER TREE FOUND at iteration 1: -27658.877
Estimate model parameters (epsilon = 0.100)
BETTER TREE FOUND at iteration 2: -27624.393
Iteration 10 / LogL: -27646.950 / Time: 0h:0m:15s
Iteration 20 / LogL: -27641.201 / Time: 0h:0m:23s
Finish initializing candidate tree set (20)
Current best tree score: -27624.393 / CPU time: 21.851
Number of iterations: 20
--------------------------------------------------------------------
|               OPTIMIZING CANDIDATE TREE SET                      |
--------------------------------------------------------------------
Estimate model parameters (epsilon = 0.100)
BETTER TREE FOUND at iteration 21: -27622.638
Estimate model parameters (epsilon = 0.100)
BETTER TREE FOUND at iteration 25: -27621.536
Estimate model parameters (epsilon = 0.100)
BETTER TREE FOUND at iteration 26: -27617.978
Iteration 30 / LogL: -27629.592 / Time: 0h:0m:34s (0h:1m:53s left)
Estimate model parameters (epsilon = 0.100)
BETTER TREE FOUND at iteration 37: -27614.422
Iteration 40 / LogL: -27620.465 / Time: 0h:0m:42s (0h:1m:45s left)
Estimate model parameters (epsilon = 0.100)
BETTER TREE FOUND at iteration 41: -27613.186
Estimate model parameters (epsilon = 0.100)
BETTER TREE FOUND at iteration 46: -27611.788
UPDATE BEST LOG-LIKELIHOOD: -27611.784
UPDATE BEST LOG-LIKELIHOOD: -27611.778
Iteration 50 / LogL: -27611.778 / Time: 0h:0m:51s (0h:1m:41s left)
Log-likelihood cutoff on original alignment: -27678.103
Estimate model parameters (epsilon = 0.100)
BETTER TREE FOUND at iteration 57: -27610.337
Iteration 60 / LogL: -27618.739 / Time: 0h:0m:59s (0h:1m:38s left)
Iteration 70 / LogL: -27614.502 / Time: 0h:1m:5s (0h:1m:23s left)
Estimate model parameters (epsilon = 0.100)
BETTER TREE FOUND at iteration 71: -27608.635
Iteration 80 / LogL: -27610.836 / Time: 0h:1m:12s (0h:1m:24s left)
BETTER TREE FOUND at iteration 81: -27608.628
Iteration 90 / LogL: -27623.585 / Time: 0h:1m:19s (0h:1m:21s left)
Iteration 100 / LogL: -27608.632 / Time: 0h:1m:25s (0h:1m:10s left)
Log-likelihood cutoff on original alignment: -27678.103
NOTE: Bootstrap correlation coefficient of split occurrence frequencies: 0.995
Iteration 110 / LogL: -27609.782 / Time: 0h:1m:33s (0h:1m:17s left)
Iteration 120 / LogL: -27624.658 / Time: 0h:1m:40s (0h:1m:7s left)
Iteration 130 / LogL: -27614.927 / Time: 0h:1m:46s (0h:0m:57s left)
Iteration 140 / LogL: -27610.284 / Time: 0h:1m:52s (0h:0m:48s left)
Iteration 150 / LogL: -27614.572 / Time: 0h:1m:59s (0h:0m:40s left)
Log-likelihood cutoff on original alignment: -27678.103
Iteration 160 / LogL: -27608.634 / Time: 0h:2m:6s (0h:0m:31s left)
UPDATE BEST LOG-LIKELIHOOD: -27608.627
Iteration 170 / LogL: -27609.441 / Time: 0h:2m:12s (0h:0m:23s left)
Iteration 180 / LogL: -27608.639 / Time: 0h:2m:18s (0h:0m:15s left)
TREE SEARCH COMPLETED AFTER 182 ITERATIONS / Time: 0h:2m:20s

--------------------------------------------------------------------
|                    FINALIZING TREE SEARCH                        |
--------------------------------------------------------------------
Performs final model parameters optimization
Estimate model parameters (epsilon = 0.010)
1. Initial log-likelihood: -27608.627
2. Current log-likelihood: -27608.599
3. Current log-likelihood: -27608.562
4. Current log-likelihood: -27608.525
5. Current log-likelihood: -27608.489
6. Current log-likelihood: -27608.458
7. Current log-likelihood: -27608.426
8. Current log-likelihood: -27608.394
9. Current log-likelihood: -27608.364
10. Current log-likelihood: -27608.336
11. Current log-likelihood: -27608.319
12. Current log-likelihood: -27608.293
13. Current log-likelihood: -27608.279
14. Current log-likelihood: -27608.263
15. Current log-likelihood: -27608.247
16. Current log-likelihood: -27608.232
17. Current log-likelihood: -27608.219
18. Current log-likelihood: -27608.204
19. Current log-likelihood: -27608.190
20. Current log-likelihood: -27608.176
21. Current log-likelihood: -27608.163
22. Current log-likelihood: -27608.150
23. Current log-likelihood: -27608.137
24. Current log-likelihood: -27608.124
25. Current log-likelihood: -27608.113
Optimal log-likelihood: -27608.098
Rate parameters:  A-C: 2.04400  A-G: 8.62300  A-T: 0.65238  C-G: 0.43028  C-T: 8.62300  G-T: 1.00000
Base frequencies:  A: 0.268  C: 0.170  G: 0.252  T: 0.311
Site proportion and rates:  (0.560,0.015) (0.019,0.284) (0.073,0.284) (0.059,0.697) (0.140,1.631) (0.111,3.714) (0.038,7.380)
Parameters optimization took 25 rounds (10.652 sec)
BEST SCORE FOUND : -27608.098
Creating bootstrap support values...
Split supports printed to NEXUS file C:\iqtree-2.1.1-Windows\bin\Bartonella_conc_sequences.fasta.splits.nex
Total tree length: 8.924

Total number of iterations: 182
CPU time used for tree search: 137.328 sec (0h:2m:17s)
Wall-clock time used for tree search: 138.673 sec (0h:2m:18s)
Total CPU time used: 149.719 sec (0h:2m:29s)
Total wall-clock time used: 151.240 sec (0h:2m:31s)

Computing bootstrap consensus tree...
Reading input file C:\iqtree-2.1.1-Windows\bin\Bartonella_conc_sequences.fasta.splits.nex...
114 taxa and 802 splits.
Consensus tree written to C:\iqtree-2.1.1-Windows\bin\Bartonella_conc_sequences.fasta.contree
Reading input trees file C:\iqtree-2.1.1-Windows\bin\Bartonella_conc_sequences.fasta.contree
Log-likelihood of consensus tree: -27608.111

Analysis results written to: 
  IQ-TREE report:                C:\iqtree-2.1.1-Windows\bin\Bartonella_conc_sequences.fasta.iqtree
  Maximum-likelihood tree:       C:\iqtree-2.1.1-Windows\bin\Bartonella_conc_sequences.fasta.treefile
  Likelihood distances:          C:\iqtree-2.1.1-Windows\bin\Bartonella_conc_sequences.fasta.mldist

Ultrafast bootstrap approximation results written to:
  Split support values:          C:\iqtree-2.1.1-Windows\bin\Bartonella_conc_sequences.fasta.splits.nex
  Consensus tree:                C:\iqtree-2.1.1-Windows\bin\Bartonella_conc_sequences.fasta.contree
  Screen log file:               C:\iqtree-2.1.1-Windows\bin\Bartonella_conc_sequences.fasta.log

Date and Time: Sun Nov 29 15:12:05 2020
