IQ-TREE multicore version 2.1.1 COVID-edition for Windows 64-bit built Aug 20 2020
Developed by Bui Quang Minh, James Barbetti, Nguyen Lam Tung,
Olga Chernomor, Heiko Schmidt, Dominik Schrempf, Michael Woodhams.

Host:    DESKTOP-7HQB3DG (AVX2, FMA3, 7 GB RAM)
Command: iqtree2 -s C:\iqtree-2.1.1-Windows\bin\Bartonella_gltA_sequences_MAFFT-L-INS-i_GB.fasta -m MFP -AIC -B 1000
Seed:    224279 (Using SPRNG - Scalable Parallel Random Number Generator)
Time:    Sun Oct 04 12:02:33 2020
Kernel:  AVX+FMA - 1 threads (4 CPU cores detected)

HINT: Use -nt option to specify number of threads because your CPU has 4 cores!
HINT: -nt AUTO will automatically determine the best number of threads to use.

Reading alignment file C:\iqtree-2.1.1-Windows\bin\Bartonella_gltA_sequences_MAFFT-L-INS-i_GB.fasta ... Fasta format detected
Alignment most likely contains DNA/RNA sequences
Alignment has 76 sequences with 356 columns, 209 distinct patterns
155 parsimony-informative, 21 singleton sites, 180 constant sites
                                               Gap/Ambiguity  Composition  p-value
   1  B._apis_BBC0122_NZ_CP015625                      0.00%    failed      0.24%
   2  B._tamiae_Th239_NZ_JH725147                      0.00%    passed     23.23%
   3  B._sp._Cyclopodia.greefi_Cg_23_Q22-1_JN172038   13.76%    passed     68.64%
   4  B._sp._Eidolon.helvum_E1-105_HM363765            0.84%    passed     42.12%
   5  B._sp._Cyclopodia.greefi_Cg_303-1_JN172055      13.76%    passed     98.81%
   6  B._sp._Cyclopodia.greefi_Cg_Q100-2_JN172040     13.76%    passed     98.81%
   7  B._sp._Eidolon.helvum_E5_B40014_KM030520         0.00%    passed     79.32%
   8  B._sp._Cyclopodia.greefi_Cg_GG243-3_JN172048    13.76%    passed     96.79%
   9  B._sp._Cyclopodia.greefi_Cg_443_JN172068        13.76%    passed     97.42%
  10  B._sp._Cyclopodia.greefi_Cg_424_JN172064        13.76%    passed     96.79%
  11  B._sp._Cyclopodia.greefi_Cg_436-3_JN172061      13.76%    passed     97.42%
  12  B._sp._Cyclopodia.greefi_Cg_G38-2_JN172044      13.76%    passed     96.30%
  13  B._sp._Cyclopodia.greefi_Cg_426-1_JN172062      13.76%    passed     93.58%
  14  B._sp._Eidolon.helvum_E2-114_HM363766            0.84%    passed     92.00%
  15  B._sp._Cyclopodia.greefi_Cg_K8-1_JN172037       13.76%    passed     96.27%
  16  B._sp._Cyclopodia.greefi_Cg_366-1_JN172052      13.76%    passed     66.99%
  17  B._sp._Cyclopodia.greefi_Cg_G31-1_JN172043      28.93%    passed     93.82%
  18  B._sp._Cyclopodia.greefi_Cg_K1-2_JN172035       13.76%    passed     53.90%
  19  B._sp._Eidolon.helvum_E4_B39301_KM030516         0.00%    passed     50.36%
  20  B._sp._Cyclopodia.greefi_Cg_Q98-1_JN172039      13.76%    passed     48.37%
  21  B._sp._Eidolon.helvum_Ew-111_HM363768            7.87%    passed     61.69%
  22  B._sp._Cyclopodia.greefi_Cg_371_JN172053        13.76%    passed     87.88%
  23  B._sp._Cyclopodia.greefi_Cg_423-1_JN172058      27.25%    passed     88.87%
  24  B._sp._Eidolon.helvum_Eh7-170112-D085            0.00%    passed     98.24%
  25  B._sp._Cyclopodia.greefi_Cg_374_JN172050        13.76%    passed     89.82%
  26  B._sp._Cyclopodia.greefi_Cg_465-2_JN172067      14.33%    passed     91.86%
  27  B._sp._Cyclopodia.greefi_Eh7-0310-A131           0.28%    passed     98.97%
  28  B._sp._Eidolon.helvum_Eh7-170112-D048            0.00%    passed     98.24%
  29  B._sp._Eidolon.helvum_Eh7-170112-D069            0.00%    passed     98.24%
  30  B._sp._Eidolon.helvum_Eh7-170112-D084            0.28%    passed     98.97%
  31  B._sp._Eidolon.helvum_Eh7-170112-D090            0.00%    passed     98.24%
  32  B._sp._Eidolon.helvum_Eh7-170112-D062            4.78%    passed     99.44%
  33  B._sp._Eidolon.helvum_Eh7-0310-A193              7.58%    passed     95.86%
  34  B._sp._Cyclopodia.greefi_Cg_GG48_JN172046       14.04%    passed     83.45%
  35  B._sp._Eidolon.helvum_Eh7-0110-R79               0.00%    passed     97.09%
  36  B._sp._Eidolon.helvum_Eh7-0310-A153              0.28%    passed     96.86%
  37  B._sp._Eidolon.helvum_Eh7-0510-A193              0.00%    passed     97.09%
  38  B._sp._Eidolon.helvum_Eh7-0710-A153              0.00%    passed     97.09%
  39  B._sp._Eidolon.helvum_Eh7-0110-R16               7.30%    passed     79.35%
  40  B._sp._Cyclopodia.greefi_Cg_401_JN172072        13.76%    passed     90.82%
  41  B._sp._Cyclopodia.greefi_Cg_417-2_JN172063      13.76%    passed     36.58%
  42  B._sp._Eidolon.helvum_E3-106_HM363767            0.84%    passed     45.75%
  43  B._sp._Cyclopodia.greefi_Cg_713-2_JN172066      14.33%    passed     85.50%
  44  B._sp._Eidolon.helvum_Eh6-0310-A147             51.97%    passed     92.96%
  45  B._sp._Eidolon.helvum_Eh6-0110-R43               7.58%    passed     87.89%
  46  B._sp._Eidolon.helvum_Eh6-0311-A192              0.00%    passed     96.23%
  47  B._sp._Eidolon.helvum_Eh6-0910-A090              0.00%    passed     96.23%
  48  B._sp._Eidolon.helvum_Eh6-0910-A108              0.00%    passed     96.23%
  49  B._sp._Eidolon.helvum_Eh6-0510-A155              0.00%    passed     96.23%
  50  B._sp._Eidolon.helvum_Eh6-1110-A147              0.84%    passed     92.69%
  51  B._sp._Eidolon.helvum_Eh6-0510-A106              0.00%    passed     88.07%
  52  B._sp._Eidolon.helvum_Eh6-0710-BJ1               0.00%    passed     88.07%
  53  B._sp._Eidolon.helvum_Eh6-0710-BJ4               0.00%    passed     88.07%
  54  B._sp._Eidolon.helvum_Eh6-0510-A166              0.84%    passed     84.81%
  55  B._sp._Eidolon.helvum_Eh6-0510-A188              0.00%    passed     87.70%
  56  B._sp._Eidolon.helvum_Eh6-170112-D046            0.00%    passed     87.70%
  57  B._sp._Eidolon.helvum_Eh6-0311-A083              0.84%    passed     85.18%
  58  B._sp._Eidolon.helvum_Eh6-0910-A111              0.00%    passed     93.13%
  59  B._sp._Eidolon.helvum_Eh6-0910-A115              0.00%    passed     93.13%
  60  B._sp._Eidolon.helvum_Eh6-0910-A151              0.00%    passed     93.13%
  61  B._sp._Eidolon.helvum_Eh6-0910-B111              0.00%    passed     93.13%
  62  B._sp._Eidolon.helvum_Eh6-1110-A102              0.00%    passed     93.13%
  63  B._sp._Eidolon.helvum_Eh6-1110-A115              0.00%    passed     93.13%
  64  B._sp._Eidolon.helvum_Eh6-1110-A130              0.00%    passed     93.13%
  65  B._sp._Eidolon.helvum_Eh6-1110-BJ1               1.12%    passed     86.09%
  66  B._sp._Eidolon.helvum_Eh6-0311-BJ1               0.00%    passed     93.13%
  67  B._sp._Eidolon.helvum_Eh6-0711-B153              0.00%    passed     93.13%
  68  B._sp._Eidolon.helvum_Eh6-0910-A123              0.00%    passed     93.13%
  69  B._sp._Eidolon.helvum_Eh6-0710-A095              5.62%    passed     79.54%
  70  B._sp._Eidolon.helvum_Eh6-0510-A151              0.28%    passed     93.56%
  71  B._sp._Eidolon.helvum_Eh6-1109-Q131              8.99%    passed     76.01%
  72  B._sp._Eidolon.helvum_Eh6-0310-A146             13.48%    passed     72.90%
  73  B._sp._Eidolon.helvum_Eh6-170112-D074            0.00%    passed     95.64%
  74  B._sp._Eidolon.helvum_Eh6-0310-A188              0.56%    passed     99.55%
  75  B._sp._Eidolon.helvum_Eh6-0710-A155              0.00%    passed     97.32%
  76  Brucella_abortus_Biovar-3_Tulya_NZ_DS999886      0.00%    failed      0.00%
WARNING: 1 sequences contain more than 50% gaps/ambiguity
****  TOTAL                                            6.00%  2 sequences failed composition chi2 test (p-value<5%; df=3)
NOTE: B._sp._Cyclopodia.greefi_Cg_Q100-2_JN172040 is identical to B._sp._Cyclopodia.greefi_Cg_303-1_JN172055 but kept for subsequent analysis
NOTE: B._sp._Eidolon.helvum_Eh7-170112-D048 is identical to B._sp._Eidolon.helvum_Eh7-170112-D085 but kept for subsequent analysis
NOTE: B._sp._Eidolon.helvum_Eh7-170112-D084 is identical to B._sp._Cyclopodia.greefi_Eh7-0310-A131 but kept for subsequent analysis
NOTE: B._sp._Eidolon.helvum_Eh7-0510-A193 is identical to B._sp._Eidolon.helvum_Eh7-0110-R79 but kept for subsequent analysis
NOTE: B._sp._Eidolon.helvum_Eh6-0910-A090 is identical to B._sp._Eidolon.helvum_Eh6-0311-A192 but kept for subsequent analysis
NOTE: B._sp._Eidolon.helvum_Eh6-0710-BJ1 is identical to B._sp._Eidolon.helvum_Eh6-0510-A106 but kept for subsequent analysis
NOTE: B._sp._Eidolon.helvum_Eh6-170112-D046 is identical to B._sp._Eidolon.helvum_Eh6-0510-A188 but kept for subsequent analysis
NOTE: B._sp._Eidolon.helvum_Eh6-0910-A115 is identical to B._sp._Eidolon.helvum_Eh6-0910-A111 but kept for subsequent analysis
NOTE: 14 identical sequences (see below) will be ignored for subsequent analysis
NOTE: B._sp._Eidolon.helvum_Eh7-170112-D069 (identical to B._sp._Eidolon.helvum_Eh7-170112-D085) is ignored but added at the end
NOTE: B._sp._Eidolon.helvum_Eh7-170112-D090 (identical to B._sp._Eidolon.helvum_Eh7-170112-D085) is ignored but added at the end
NOTE: B._sp._Eidolon.helvum_Eh7-0710-A153 (identical to B._sp._Eidolon.helvum_Eh7-0110-R79) is ignored but added at the end
NOTE: B._sp._Eidolon.helvum_Eh6-0910-A108 (identical to B._sp._Eidolon.helvum_Eh6-0311-A192) is ignored but added at the end
NOTE: B._sp._Eidolon.helvum_Eh6-0510-A155 (identical to B._sp._Eidolon.helvum_Eh6-0311-A192) is ignored but added at the end
NOTE: B._sp._Eidolon.helvum_Eh6-0710-BJ4 (identical to B._sp._Eidolon.helvum_Eh6-0510-A106) is ignored but added at the end
NOTE: B._sp._Eidolon.helvum_Eh6-0910-A151 (identical to B._sp._Eidolon.helvum_Eh6-0910-A111) is ignored but added at the end
NOTE: B._sp._Eidolon.helvum_Eh6-0910-B111 (identical to B._sp._Eidolon.helvum_Eh6-0910-A111) is ignored but added at the end
NOTE: B._sp._Eidolon.helvum_Eh6-1110-A102 (identical to B._sp._Eidolon.helvum_Eh6-0910-A111) is ignored but added at the end
NOTE: B._sp._Eidolon.helvum_Eh6-1110-A115 (identical to B._sp._Eidolon.helvum_Eh6-0910-A111) is ignored but added at the end
NOTE: B._sp._Eidolon.helvum_Eh6-1110-A130 (identical to B._sp._Eidolon.helvum_Eh6-0910-A111) is ignored but added at the end
NOTE: B._sp._Eidolon.helvum_Eh6-0311-BJ1 (identical to B._sp._Eidolon.helvum_Eh6-0910-A111) is ignored but added at the end
NOTE: B._sp._Eidolon.helvum_Eh6-0711-B153 (identical to B._sp._Eidolon.helvum_Eh6-0910-A111) is ignored but added at the end
NOTE: B._sp._Eidolon.helvum_Eh6-0910-A123 (identical to B._sp._Eidolon.helvum_Eh6-0910-A111) is ignored but added at the end
Alignment was printed to C:\iqtree-2.1.1-Windows\bin\Bartonella_gltA_sequences_MAFFT-L-INS-i_GB.fasta.uniqueseq.phy

For your convenience alignment with unique sequences printed to C:\iqtree-2.1.1-Windows\bin\Bartonella_gltA_sequences_MAFFT-L-INS-i_GB.fasta.uniqueseq.phy


Create initial parsimony tree by phylogenetic likelihood library (PLL)... 0.014 seconds
Perform fast likelihood tree search using GTR+I+G model...
Estimate model parameters (epsilon = 5.000)
Perform nearest neighbor interchange...
Estimate model parameters (epsilon = 1.000)
1. Initial log-likelihood: -2745.324
Optimal log-likelihood: -2744.695
Rate parameters:  A-C: 2.55106  A-G: 5.54479  A-T: 0.50921  C-G: 0.96465  C-T: 11.34617  G-T: 1.00000
Base frequencies:  A: 0.361  C: 0.164  G: 0.174  T: 0.300
Proportion of invariable sites: 0.264
Gamma shape alpha: 0.632
Parameters optimization took 1 rounds (0.091 sec)
Time for fast ML tree search: 0.400 seconds

NOTE: ModelFinder requires 5 MB RAM!
ModelFinder will test up to 286 DNA models (sample size: 356) ...
 No. Model         -LnL         df  AIC          AICc         BIC
  1  GTR+F         2957.006     129 6172.012     6320.419     6671.878
  2  GTR+F+I       2773.956     130 5807.912     5959.289     6311.653
  3  GTR+F+G4      2750.886     130 5761.771     5913.149     6265.512
  4  GTR+F+I+G4    2742.991     131 5747.981     5902.374     6255.597
  5  GTR+F+R2      2771.118     131 5804.235     5958.628     6311.851
  6  GTR+F+R3      2757.696     133 5781.392     5941.951     6296.758
  7  GTR+F+R4      2740.131     135 5750.262     5917.171     6273.377
  8  GTR+F+R5      2739.794     137 5753.587     5927.037     6284.453
 17  SYM+I+G4      2758.373     128 5772.747     5918.227     6268.738
 20  SYM+R4        2755.517     132 5775.034     5932.487     6286.525
 21  SYM+R5        2754.910     134 5777.821     5941.531     6297.062
 30  TVM+F+I+G4    2750.580     130 5761.160     5912.537     6264.901
 33  TVM+F+R4      2749.028     134 5766.057     5929.767     6285.297
 34  TVM+F+R5      2748.773     136 5769.546     5939.701     6296.536
 43  TVMe+I+G4     2762.120     127 5778.241     5920.837     6270.357
 46  TVMe+R4       2759.531     131 5781.061     5935.454     6288.677
 47  TVMe+R5       2759.006     133 5784.012     5944.571     6299.378
 56  TIM3+F+I+G4   2745.787     129 5749.574     5897.981     6249.440
 59  TIM3+F+R4     2743.097     133 5752.193     5912.752     6267.559
 60  TIM3+F+R5     2742.697     135 5755.395     5922.304     6278.510
 69  TIM3e+I+G4    2767.794     126 5787.588     5927.343     6275.829
 72  TIM3e+R4      2765.614     130 5791.227     5942.605     6294.968
 73  TIM3e+R5      2765.032     132 5794.064     5951.517     6305.555
 82  TIM2+F+I+G4   2756.218     129 5770.437     5918.844     6270.303
 85  TIM2+F+R4     2753.674     133 5773.348     5933.907     6288.714
 86  TIM2+F+R5     2753.018     135 5776.036     5942.945     6299.152
 95  TIM2e+I+G4    2761.182     126 5774.364     5914.120     6262.605
 98  TIM2e+R4      2758.813     130 5777.627     5929.004     6281.368
 99  TIM2e+R5      2757.976     132 5779.951     5937.404     6291.442
108  TIM+F+I+G4    2748.390     129 5754.780     5903.187     6254.646
111  TIM+F+R4      2745.919     133 5757.838     5918.396     6273.203
112  TIM+F+R5      2745.473     135 5760.946     5927.855     6284.061
121  TIMe+I+G4     2768.122     126 5788.245     5928.000     6276.486
124  TIMe+R4       2766.211     130 5792.423     5943.800     6296.164
125  TIMe+R5       2765.538     132 5795.076     5952.529     6306.567
134  TPM3u+F+I+G4  2753.670     128 5763.341     5908.821     6259.332
137  TPM3u+F+R4    2752.166     132 5768.333     5925.786     6279.824
138  TPM3u+F+R5    2751.776     134 5771.551     5935.262     6290.792
147  TPM3+F+I+G4   2753.670     128 5763.341     5908.821     6259.332
150  TPM3+F+R4     2752.166     132 5768.333     5925.786     6279.824
151  TPM3+F+R5     2751.776     134 5771.551     5935.262     6290.792
160  TPM2u+F+I+G4  2763.832     128 5783.664     5929.145     6279.656
163  TPM2u+F+R4    2762.429     132 5788.857     5946.310     6300.348
164  TPM2u+F+R5    2761.792     134 5791.584     5955.295     6310.825
173  TPM2+F+I+G4   2763.832     128 5783.664     5929.145     6279.656
176  TPM2+F+R4     2762.429     132 5788.857     5946.310     6300.348
177  TPM2+F+R5     2761.792     134 5791.584     5955.295     6310.825
186  K3Pu+F+I+G4   2755.652     128 5767.303     5912.784     6263.295
189  K3Pu+F+R4     2754.570     132 5773.139     5930.592     6284.630
190  K3Pu+F+R5     2754.214     134 5776.427     5940.138     6295.668
199  K3P+I+G4      2773.131     125 5796.263     5933.219     6280.629
202  K3P+R4        2771.235     129 5800.469     5948.876     6300.335
203  K3P+R5        2770.629     131 5803.259     5957.652     6310.875
212  TN+F+I+G4     2756.476     128 5768.952     5914.432     6264.943
215  TN+F+R4       2754.065     132 5772.130     5929.583     6283.621
216  TN+F+R5       2753.477     134 5774.954     5938.665     6294.195
225  TNe+I+G4      2769.282     125 5788.563     5925.520     6272.930
228  TNe+R4        2767.571     129 5793.142     5941.549     6293.008
229  TNe+R5        2766.848     131 5795.696     5950.089     6303.312
238  HKY+F+I+G4    2764.198     127 5782.396     5924.992     6274.512
241  HKY+F+R4      2762.931     131 5787.863     5942.255     6295.479
242  HKY+F+R5      2762.295     133 5790.591     5951.149     6305.957
251  K2P+I+G4      2774.200     124 5796.399     5930.598     6276.890
254  K2P+R4        2772.526     128 5801.052     5946.532     6297.043
255  K2P+R5        2771.858     130 5803.715     5955.093     6307.456
264  F81+F+I+G4    2936.002     126 6124.004     6263.759     6612.245
267  F81+F+R4      2934.933     130 6129.866     6281.244     6633.607
268  F81+F+R5      2934.220     132 6132.440     6289.893     6643.931
277  JC+I+G4       2907.738     123 6061.475     6192.958     6538.092
280  JC+R4         2907.021     127 6068.042     6210.638     6560.158
281  JC+R5         2906.439     129 6070.878     6219.285     6570.744
Akaike Information Criterion:           GTR+F+I+G4
Corrected Akaike Information Criterion: TIM3+F+I+G4
Bayesian Information Criterion:         TIM3+F+I+G4
Best-fit model: GTR+F+I+G4 chosen according to AIC

All model information printed to C:\iqtree-2.1.1-Windows\bin\Bartonella_gltA_sequences_MAFFT-L-INS-i_GB.fasta.model.gz
CPU time for ModelFinder: 40.438 seconds (0h:0m:40s)
Wall-clock time for ModelFinder: 41.876 seconds (0h:0m:41s)
Generating 1000 samples for ultrafast bootstrap (seed: 224279)...

NOTE: 2 MB RAM (0 GB) is required!
Estimate model parameters (epsilon = 0.100)
Thoroughly optimizing +I+G parameters from 10 start values...
Init pinv, alpha: 0.000, 0.908 / Estimate: 0.000, 0.348 / LogL: -2750.883
Init pinv, alpha: 0.056, 0.908 / Estimate: 0.358, 0.906 / LogL: -2742.991
Init pinv, alpha: 0.112, 0.908 / Estimate: 0.361, 0.919 / LogL: -2742.960
Init pinv, alpha: 0.169, 0.908 / Estimate: 0.357, 0.904 / LogL: -2743.000
Init pinv, alpha: 0.225, 0.908 / Estimate: 0.356, 0.897 / LogL: -2743.017
Init pinv, alpha: 0.281, 0.908 / Estimate: 0.357, 0.903 / LogL: -2743.006
Init pinv, alpha: 0.337, 0.908 / Estimate: 0.354, 0.891 / LogL: -2743.042
Init pinv, alpha: 0.393, 0.908 / Estimate: 0.392, 1.079 / LogL: -2742.782
Init pinv, alpha: 0.449, 0.908 / Estimate: 0.409, 1.188 / LogL: -2742.857
Init pinv, alpha: 0.506, 0.908 / Estimate: 0.409, 1.200 / LogL: -2742.863
Optimal pinv,alpha: 0.392, 1.079 / LogL: -2742.782

Parameters optimization took 2.536 sec
Computing ML distances based on estimated model parameters...
Computing ML distances took 0.070422 sec (of wall-clock time) 0.062500 sec(of CPU time)
Computing RapidNJ tree took 0.001061 sec (of wall-clock time) 0.000000 sec (of CPU time)
Log-likelihood of RapidNJ tree: -2771.293
--------------------------------------------------------------------
|             INITIALIZING CANDIDATE TREE SET                      |
--------------------------------------------------------------------
Generating 98 parsimony trees... 0.490 second
Computing log-likelihood of 98 initial trees ... 0.319 seconds
Current best score: -2742.782

Do NNI search on 20 best initial trees
Estimate model parameters (epsilon = 0.100)
BETTER TREE FOUND at iteration 1: -2742.781
Estimate model parameters (epsilon = 0.100)
BETTER TREE FOUND at iteration 2: -2742.420
Iteration 10 / LogL: -2742.803 / Time: 0h:0m:4s
Iteration 20 / LogL: -2742.420 / Time: 0h:0m:6s
Finish initializing candidate tree set (20)
Current best tree score: -2742.420 / CPU time: 3.354
Number of iterations: 20
--------------------------------------------------------------------
|               OPTIMIZING CANDIDATE TREE SET                      |
--------------------------------------------------------------------
Iteration 30 / LogL: -2742.423 / Time: 0h:0m:7s (0h:0m:18s left)
Iteration 40 / LogL: -2759.177 / Time: 0h:0m:9s (0h:0m:14s left)
Iteration 50 / LogL: -2768.012 / Time: 0h:0m:10s (0h:0m:11s left)
Log-likelihood cutoff on original alignment: -2762.565
Iteration 60 / LogL: -2742.666 / Time: 0h:0m:12s (0h:0m:8s left)
Iteration 70 / LogL: -2744.620 / Time: 0h:0m:14s (0h:0m:6s left)
Iteration 80 / LogL: -2742.421 / Time: 0h:0m:15s (0h:0m:4s left)
BETTER TREE FOUND at iteration 82: -2742.419
Iteration 90 / LogL: -2742.422 / Time: 0h:0m:17s (0h:0m:18s left)
Iteration 100 / LogL: -2742.421 / Time: 0h:0m:19s (0h:0m:15s left)
Log-likelihood cutoff on original alignment: -2764.024
NOTE: Bootstrap correlation coefficient of split occurrence frequencies: 0.991
Iteration 110 / LogL: -2742.806 / Time: 0h:0m:21s (0h:0m:17s left)
Iteration 120 / LogL: -2742.589 / Time: 0h:0m:23s (0h:0m:15s left)
Iteration 130 / LogL: -2742.420 / Time: 0h:0m:25s (0h:0m:13s left)
Iteration 140 / LogL: -2748.514 / Time: 0h:0m:27s (0h:0m:11s left)
Iteration 150 / LogL: -2742.421 / Time: 0h:0m:28s (0h:0m:9s left)
Log-likelihood cutoff on original alignment: -2764.875
Iteration 160 / LogL: -2748.145 / Time: 0h:0m:30s (0h:0m:7s left)
Iteration 170 / LogL: -2742.589 / Time: 0h:0m:32s (0h:0m:5s left)
Iteration 180 / LogL: -2786.924 / Time: 0h:0m:33s (0h:0m:3s left)
TREE SEARCH COMPLETED AFTER 183 ITERATIONS / Time: 0h:0m:34s

--------------------------------------------------------------------
|                    FINALIZING TREE SEARCH                        |
--------------------------------------------------------------------
Performs final model parameters optimization
Estimate model parameters (epsilon = 0.010)
1. Initial log-likelihood: -2742.419
Optimal log-likelihood: -2742.419
Rate parameters:  A-C: 2.71822  A-G: 5.72407  A-T: 0.55738  C-G: 1.00710  C-T: 11.94991  G-T: 1.00000
Base frequencies:  A: 0.361  C: 0.164  G: 0.174  T: 0.300
Proportion of invariable sites: 0.393
Gamma shape alpha: 1.107
Parameters optimization took 1 rounds (0.055 sec)
BEST SCORE FOUND : -2742.419
Creating bootstrap support values...
Split supports printed to NEXUS file C:\iqtree-2.1.1-Windows\bin\Bartonella_gltA_sequences_MAFFT-L-INS-i_GB.fasta.splits.nex
Total tree length: 2.540

Total number of iterations: 183
CPU time used for tree search: 31.312 sec (0h:0m:31s)
Wall-clock time used for tree search: 31.674 sec (0h:0m:31s)
Total CPU time used: 34.078 sec (0h:0m:34s)
Total wall-clock time used: 34.863 sec (0h:0m:34s)

Computing bootstrap consensus tree...
Reading input file C:\iqtree-2.1.1-Windows\bin\Bartonella_gltA_sequences_MAFFT-L-INS-i_GB.fasta.splits.nex...
62 taxa and 693 splits.
Consensus tree written to C:\iqtree-2.1.1-Windows\bin\Bartonella_gltA_sequences_MAFFT-L-INS-i_GB.fasta.contree
Reading input trees file C:\iqtree-2.1.1-Windows\bin\Bartonella_gltA_sequences_MAFFT-L-INS-i_GB.fasta.contree
Log-likelihood of consensus tree: -2742.932

Analysis results written to: 
  IQ-TREE report:                C:\iqtree-2.1.1-Windows\bin\Bartonella_gltA_sequences_MAFFT-L-INS-i_GB.fasta.iqtree
  Maximum-likelihood tree:       C:\iqtree-2.1.1-Windows\bin\Bartonella_gltA_sequences_MAFFT-L-INS-i_GB.fasta.treefile
  Likelihood distances:          C:\iqtree-2.1.1-Windows\bin\Bartonella_gltA_sequences_MAFFT-L-INS-i_GB.fasta.mldist

Ultrafast bootstrap approximation results written to:
  Split support values:          C:\iqtree-2.1.1-Windows\bin\Bartonella_gltA_sequences_MAFFT-L-INS-i_GB.fasta.splits.nex
  Consensus tree:                C:\iqtree-2.1.1-Windows\bin\Bartonella_gltA_sequences_MAFFT-L-INS-i_GB.fasta.contree
  Screen log file:               C:\iqtree-2.1.1-Windows\bin\Bartonella_gltA_sequences_MAFFT-L-INS-i_GB.fasta.log

Date and Time: Sun Oct 04 12:03:51 2020
